2025-02-09 07:26:27.483  INFO 828 --- [restartedMain] petistaan.example.demo.DemoApplication   : Starting DemoApplication using Java 1.8.0_202 on LAPTOP-GUACUBB7 with PID 828 (C:\Users\vaibhav\Desktop\Spring Boot Projecs\demo\target\classes started by vaibhav in C:\Users\vaibhav\Desktop\Spring Boot Projecs\demo)
2025-02-09 07:26:27.493  INFO 828 --- [restartedMain] petistaan.example.demo.DemoApplication   : No active profile set, falling back to 1 default profile: "default"
2025-02-09 07:26:27.612  INFO 828 --- [restartedMain] .e.DevToolsPropertyDefaultsPostProcessor : Devtools property defaults active! Set 'spring.devtools.add-properties' to 'false' to disable
2025-02-09 07:26:28.627  INFO 828 --- [restartedMain] o.s.b.d.a.OptionalLiveReloadServer       : LiveReload server is running on port 35729
2025-02-09 07:26:28.651  INFO 828 --- [restartedMain] petistaan.example.demo.DemoApplication   : Started DemoApplication in 2.005 seconds (JVM running for 2.801)
2025-02-09 07:26:37.092  INFO 828 --- [restartedMain] petistaan.example.demo.aspect.LogAspect  : Entered OwnerDTO petistaan.example.demo.service.impl.OwnerServiceImpl.fetchOwner(int) with arguments as [2]
2025-02-09 07:26:37.107  INFO 828 --- [restartedMain] petistaan.example.demo.aspect.LogAspect  : Completed OwnerDTO petistaan.example.demo.service.impl.OwnerServiceImpl.fetchOwner(int) with result as OwnerDTO{id=2, firstName='Jane', lastName='Smith', gender=F, city='Vishakhapatnam', state='Andhra Pradesh', mobileNumber='9009009002', emailId='jane.smith@abhishekvermaa10.com', petDTO=PetDTO{id=2, name='Fluffy', gender=F, type=CAT, ownerDTO=null}}
2025-02-09 07:26:49.994  INFO 828 --- [restartedMain] petistaan.example.demo.aspect.LogAspect  : Entered OwnerDTO petistaan.example.demo.service.impl.OwnerServiceImpl.fetchOwner(int) with arguments as [3]
2025-02-09 07:26:50.006  INFO 828 --- [restartedMain] petistaan.example.demo.aspect.LogAspect  : Completed OwnerDTO petistaan.example.demo.service.impl.OwnerServiceImpl.fetchOwner(int) with exception {}

petistaan.example.demo.exception.OwnerNotFoundException: =Can't find owner with ownerId 3
	at petistaan.example.demo.service.impl.OwnerServiceImpl.lambda$fetchOwner$0(OwnerServiceImpl.java:36) ~[classes/:na]
	at java.util.Optional.orElseThrow(Optional.java:290) ~[na:1.8.0_202]
	at petistaan.example.demo.service.impl.OwnerServiceImpl.fetchOwner(OwnerServiceImpl.java:36) ~[classes/:na]
	at petistaan.example.demo.service.impl.OwnerServiceImpl$$FastClassBySpringCGLIB$$84f7d31b.invoke(<generated>) ~[classes/:na]
	at org.springframework.cglib.proxy.MethodProxy.invoke(MethodProxy.java:218) ~[spring-core-5.3.18.jar:5.3.18]
	at org.springframework.aop.framework.CglibAopProxy$CglibMethodInvocation.invokeJoinpoint(CglibAopProxy.java:783) [spring-aop-5.3.18.jar:5.3.18]
	at org.springframework.aop.framework.ReflectiveMethodInvocation.proceed(ReflectiveMethodInvocation.java:163) ~[spring-aop-5.3.18.jar:5.3.18]
	at org.springframework.aop.framework.CglibAopProxy$CglibMethodInvocation.proceed(CglibAopProxy.java:753) [spring-aop-5.3.18.jar:5.3.18]
	at org.springframework.aop.aspectj.AspectJAfterThrowingAdvice.invoke(AspectJAfterThrowingAdvice.java:64) ~[spring-aop-5.3.18.jar:5.3.18]
	at org.springframework.aop.framework.ReflectiveMethodInvocation.proceed(ReflectiveMethodInvocation.java:186) ~[spring-aop-5.3.18.jar:5.3.18]
	at org.springframework.aop.framework.CglibAopProxy$CglibMethodInvocation.proceed(CglibAopProxy.java:753) [spring-aop-5.3.18.jar:5.3.18]
	at org.springframework.aop.framework.adapter.AfterReturningAdviceInterceptor.invoke(AfterReturningAdviceInterceptor.java:57) ~[spring-aop-5.3.18.jar:5.3.18]
	at org.springframework.aop.framework.ReflectiveMethodInvocation.proceed(ReflectiveMethodInvocation.java:186) ~[spring-aop-5.3.18.jar:5.3.18]
	at org.springframework.aop.framework.CglibAopProxy$CglibMethodInvocation.proceed(CglibAopProxy.java:753) [spring-aop-5.3.18.jar:5.3.18]
	at org.springframework.aop.framework.adapter.MethodBeforeAdviceInterceptor.invoke(MethodBeforeAdviceInterceptor.java:58) [spring-aop-5.3.18.jar:5.3.18]
	at org.springframework.aop.framework.ReflectiveMethodInvocation.proceed(ReflectiveMethodInvocation.java:186) ~[spring-aop-5.3.18.jar:5.3.18]
	at org.springframework.aop.framework.CglibAopProxy$CglibMethodInvocation.proceed(CglibAopProxy.java:753) [spring-aop-5.3.18.jar:5.3.18]
	at org.springframework.aop.interceptor.ExposeInvocationInterceptor.invoke(ExposeInvocationInterceptor.java:97) [spring-aop-5.3.18.jar:5.3.18]
	at org.springframework.aop.framework.ReflectiveMethodInvocation.proceed(ReflectiveMethodInvocation.java:186) ~[spring-aop-5.3.18.jar:5.3.18]
	at org.springframework.aop.framework.CglibAopProxy$CglibMethodInvocation.proceed(CglibAopProxy.java:753) [spring-aop-5.3.18.jar:5.3.18]
	at org.springframework.aop.framework.CglibAopProxy$DynamicAdvisedInterceptor.intercept(CglibAopProxy.java:698) [spring-aop-5.3.18.jar:5.3.18]
	at petistaan.example.demo.service.impl.OwnerServiceImpl$$EnhancerBySpringCGLIB$$2a0d21ea.fetchOwner(<generated>) [classes/:na]
	at petistaan.example.demo.DemoApplication.run(DemoApplication.java:52) [classes/:na]
	at org.springframework.boot.SpringApplication.callRunner(SpringApplication.java:777) [spring-boot-2.6.6.jar:2.6.6]
	at org.springframework.boot.SpringApplication.callRunners(SpringApplication.java:761) [spring-boot-2.6.6.jar:2.6.6]
	at org.springframework.boot.SpringApplication.run(SpringApplication.java:310) [spring-boot-2.6.6.jar:2.6.6]
	at org.springframework.boot.SpringApplication.run(SpringApplication.java:1312) [spring-boot-2.6.6.jar:2.6.6]
	at org.springframework.boot.SpringApplication.run(SpringApplication.java:1301) [spring-boot-2.6.6.jar:2.6.6]
	at petistaan.example.demo.DemoApplication.main(DemoApplication.java:33) [classes/:na]
	at sun.reflect.NativeMethodAccessorImpl.invoke0(Native Method) ~[na:1.8.0_202]
	at sun.reflect.NativeMethodAccessorImpl.invoke(NativeMethodAccessorImpl.java:62) ~[na:1.8.0_202]
	at sun.reflect.DelegatingMethodAccessorImpl.invoke(DelegatingMethodAccessorImpl.java:43) ~[na:1.8.0_202]
	at java.lang.reflect.Method.invoke(Method.java:498) ~[na:1.8.0_202]
	at org.springframework.boot.devtools.restart.RestartLauncher.run(RestartLauncher.java:49) [spring-boot-devtools-2.6.6.jar:2.6.6]

2025-02-09 07:26:50.007 ERROR 828 --- [restartedMain] petistaan.example.demo.DemoApplication   : =Can't find owner with ownerId 3

petistaan.example.demo.exception.OwnerNotFoundException: =Can't find owner with ownerId 3
	at petistaan.example.demo.service.impl.OwnerServiceImpl.lambda$fetchOwner$0(OwnerServiceImpl.java:36) ~[classes/:na]
	at java.util.Optional.orElseThrow(Optional.java:290) ~[na:1.8.0_202]
	at petistaan.example.demo.service.impl.OwnerServiceImpl.fetchOwner(OwnerServiceImpl.java:36) ~[classes/:na]
	at petistaan.example.demo.service.impl.OwnerServiceImpl$$FastClassBySpringCGLIB$$84f7d31b.invoke(<generated>) ~[classes/:na]
	at org.springframework.cglib.proxy.MethodProxy.invoke(MethodProxy.java:218) ~[spring-core-5.3.18.jar:5.3.18]
	at org.springframework.aop.framework.CglibAopProxy$CglibMethodInvocation.invokeJoinpoint(CglibAopProxy.java:783) ~[spring-aop-5.3.18.jar:5.3.18]
	at org.springframework.aop.framework.ReflectiveMethodInvocation.proceed(ReflectiveMethodInvocation.java:163) ~[spring-aop-5.3.18.jar:5.3.18]
	at org.springframework.aop.framework.CglibAopProxy$CglibMethodInvocation.proceed(CglibAopProxy.java:753) ~[spring-aop-5.3.18.jar:5.3.18]
	at org.springframework.aop.aspectj.AspectJAfterThrowingAdvice.invoke(AspectJAfterThrowingAdvice.java:64) ~[spring-aop-5.3.18.jar:5.3.18]
	at org.springframework.aop.framework.ReflectiveMethodInvocation.proceed(ReflectiveMethodInvocation.java:186) ~[spring-aop-5.3.18.jar:5.3.18]
	at org.springframework.aop.framework.CglibAopProxy$CglibMethodInvocation.proceed(CglibAopProxy.java:753) ~[spring-aop-5.3.18.jar:5.3.18]
	at org.springframework.aop.framework.adapter.AfterReturningAdviceInterceptor.invoke(AfterReturningAdviceInterceptor.java:57) ~[spring-aop-5.3.18.jar:5.3.18]
	at org.springframework.aop.framework.ReflectiveMethodInvocation.proceed(ReflectiveMethodInvocation.java:186) ~[spring-aop-5.3.18.jar:5.3.18]
	at org.springframework.aop.framework.CglibAopProxy$CglibMethodInvocation.proceed(CglibAopProxy.java:753) ~[spring-aop-5.3.18.jar:5.3.18]
	at org.springframework.aop.framework.adapter.MethodBeforeAdviceInterceptor.invoke(MethodBeforeAdviceInterceptor.java:58) ~[spring-aop-5.3.18.jar:5.3.18]
	at org.springframework.aop.framework.ReflectiveMethodInvocation.proceed(ReflectiveMethodInvocation.java:186) ~[spring-aop-5.3.18.jar:5.3.18]
	at org.springframework.aop.framework.CglibAopProxy$CglibMethodInvocation.proceed(CglibAopProxy.java:753) ~[spring-aop-5.3.18.jar:5.3.18]
	at org.springframework.aop.interceptor.ExposeInvocationInterceptor.invoke(ExposeInvocationInterceptor.java:97) ~[spring-aop-5.3.18.jar:5.3.18]
	at org.springframework.aop.framework.ReflectiveMethodInvocation.proceed(ReflectiveMethodInvocation.java:186) ~[spring-aop-5.3.18.jar:5.3.18]
	at org.springframework.aop.framework.CglibAopProxy$CglibMethodInvocation.proceed(CglibAopProxy.java:753) ~[spring-aop-5.3.18.jar:5.3.18]
	at org.springframework.aop.framework.CglibAopProxy$DynamicAdvisedInterceptor.intercept(CglibAopProxy.java:698) ~[spring-aop-5.3.18.jar:5.3.18]
	at petistaan.example.demo.service.impl.OwnerServiceImpl$$EnhancerBySpringCGLIB$$2a0d21ea.fetchOwner(<generated>) ~[classes/:na]
	at petistaan.example.demo.DemoApplication.run(DemoApplication.java:52) [classes/:na]
	at org.springframework.boot.SpringApplication.callRunner(SpringApplication.java:777) [spring-boot-2.6.6.jar:2.6.6]
	at org.springframework.boot.SpringApplication.callRunners(SpringApplication.java:761) [spring-boot-2.6.6.jar:2.6.6]
	at org.springframework.boot.SpringApplication.run(SpringApplication.java:310) [spring-boot-2.6.6.jar:2.6.6]
	at org.springframework.boot.SpringApplication.run(SpringApplication.java:1312) [spring-boot-2.6.6.jar:2.6.6]
	at org.springframework.boot.SpringApplication.run(SpringApplication.java:1301) [spring-boot-2.6.6.jar:2.6.6]
	at petistaan.example.demo.DemoApplication.main(DemoApplication.java:33) [classes/:na]
	at sun.reflect.NativeMethodAccessorImpl.invoke0(Native Method) ~[na:1.8.0_202]
	at sun.reflect.NativeMethodAccessorImpl.invoke(NativeMethodAccessorImpl.java:62) ~[na:1.8.0_202]
	at sun.reflect.DelegatingMethodAccessorImpl.invoke(DelegatingMethodAccessorImpl.java:43) ~[na:1.8.0_202]
	at java.lang.reflect.Method.invoke(Method.java:498) ~[na:1.8.0_202]
	at org.springframework.boot.devtools.restart.RestartLauncher.run(RestartLauncher.java:49) [spring-boot-devtools-2.6.6.jar:2.6.6]

2025-02-09 07:29:32.067  INFO 11348 --- [restartedMain] petistaan.example.demo.DemoApplication   : Starting DemoApplication using Java 1.8.0_202 on LAPTOP-GUACUBB7 with PID 11348 (C:\Users\vaibhav\Desktop\Spring Boot Projecs\demo\target\classes started by vaibhav in C:\Users\vaibhav\Desktop\Spring Boot Projecs\demo)
2025-02-09 07:29:32.069  INFO 11348 --- [restartedMain] petistaan.example.demo.DemoApplication   : No active profile set, falling back to 1 default profile: "default"
2025-02-09 07:29:32.135  INFO 11348 --- [restartedMain] .e.DevToolsPropertyDefaultsPostProcessor : Devtools property defaults active! Set 'spring.devtools.add-properties' to 'false' to disable
2025-02-09 07:29:32.998  INFO 11348 --- [restartedMain] o.s.b.d.a.OptionalLiveReloadServer       : LiveReload server is running on port 35729
2025-02-09 07:29:33.016  INFO 11348 --- [restartedMain] petistaan.example.demo.DemoApplication   : Started DemoApplication in 1.406 seconds (JVM running for 1.897)
2025-02-09 07:29:39.569  INFO 11348 --- [restartedMain] petistaan.example.demo.aspect.LogAspect  : Entered OwnerDTO petistaan.example.demo.service.impl.OwnerServiceImpl.fetchOwner(int) with arguments as [3]
2025-02-09 07:29:39.589  INFO 11348 --- [restartedMain] petistaan.example.demo.aspect.LogAspect  : Completed OwnerDTO petistaan.example.demo.service.impl.OwnerServiceImpl.fetchOwner(int) with exception =Can't find owner with ownerId 3
2025-02-09 07:29:39.596 ERROR 11348 --- [restartedMain] petistaan.example.demo.DemoApplication   : =Can't find owner with ownerId 3

petistaan.example.demo.exception.OwnerNotFoundException: =Can't find owner with ownerId 3
	at petistaan.example.demo.service.impl.OwnerServiceImpl.lambda$fetchOwner$0(OwnerServiceImpl.java:36) ~[classes/:na]
	at java.util.Optional.orElseThrow(Optional.java:290) ~[na:1.8.0_202]
	at petistaan.example.demo.service.impl.OwnerServiceImpl.fetchOwner(OwnerServiceImpl.java:36) ~[classes/:na]
	at petistaan.example.demo.service.impl.OwnerServiceImpl$$FastClassBySpringCGLIB$$84f7d31b.invoke(<generated>) ~[classes/:na]
	at org.springframework.cglib.proxy.MethodProxy.invoke(MethodProxy.java:218) ~[spring-core-5.3.18.jar:5.3.18]
	at org.springframework.aop.framework.CglibAopProxy$CglibMethodInvocation.invokeJoinpoint(CglibAopProxy.java:783) ~[spring-aop-5.3.18.jar:5.3.18]
	at org.springframework.aop.framework.ReflectiveMethodInvocation.proceed(ReflectiveMethodInvocation.java:163) ~[spring-aop-5.3.18.jar:5.3.18]
	at org.springframework.aop.framework.CglibAopProxy$CglibMethodInvocation.proceed(CglibAopProxy.java:753) ~[spring-aop-5.3.18.jar:5.3.18]
	at org.springframework.aop.aspectj.AspectJAfterThrowingAdvice.invoke(AspectJAfterThrowingAdvice.java:64) ~[spring-aop-5.3.18.jar:5.3.18]
	at org.springframework.aop.framework.ReflectiveMethodInvocation.proceed(ReflectiveMethodInvocation.java:186) ~[spring-aop-5.3.18.jar:5.3.18]
	at org.springframework.aop.framework.CglibAopProxy$CglibMethodInvocation.proceed(CglibAopProxy.java:753) ~[spring-aop-5.3.18.jar:5.3.18]
	at org.springframework.aop.framework.adapter.AfterReturningAdviceInterceptor.invoke(AfterReturningAdviceInterceptor.java:57) ~[spring-aop-5.3.18.jar:5.3.18]
	at org.springframework.aop.framework.ReflectiveMethodInvocation.proceed(ReflectiveMethodInvocation.java:186) ~[spring-aop-5.3.18.jar:5.3.18]
	at org.springframework.aop.framework.CglibAopProxy$CglibMethodInvocation.proceed(CglibAopProxy.java:753) ~[spring-aop-5.3.18.jar:5.3.18]
	at org.springframework.aop.framework.adapter.MethodBeforeAdviceInterceptor.invoke(MethodBeforeAdviceInterceptor.java:58) ~[spring-aop-5.3.18.jar:5.3.18]
	at org.springframework.aop.framework.ReflectiveMethodInvocation.proceed(ReflectiveMethodInvocation.java:186) ~[spring-aop-5.3.18.jar:5.3.18]
	at org.springframework.aop.framework.CglibAopProxy$CglibMethodInvocation.proceed(CglibAopProxy.java:753) ~[spring-aop-5.3.18.jar:5.3.18]
	at org.springframework.aop.interceptor.ExposeInvocationInterceptor.invoke(ExposeInvocationInterceptor.java:97) ~[spring-aop-5.3.18.jar:5.3.18]
	at org.springframework.aop.framework.ReflectiveMethodInvocation.proceed(ReflectiveMethodInvocation.java:186) ~[spring-aop-5.3.18.jar:5.3.18]
	at org.springframework.aop.framework.CglibAopProxy$CglibMethodInvocation.proceed(CglibAopProxy.java:753) ~[spring-aop-5.3.18.jar:5.3.18]
	at org.springframework.aop.framework.CglibAopProxy$DynamicAdvisedInterceptor.intercept(CglibAopProxy.java:698) ~[spring-aop-5.3.18.jar:5.3.18]
	at petistaan.example.demo.service.impl.OwnerServiceImpl$$EnhancerBySpringCGLIB$$797adf17.fetchOwner(<generated>) ~[classes/:na]
	at petistaan.example.demo.DemoApplication.run(DemoApplication.java:52) [classes/:na]
	at org.springframework.boot.SpringApplication.callRunner(SpringApplication.java:777) [spring-boot-2.6.6.jar:2.6.6]
	at org.springframework.boot.SpringApplication.callRunners(SpringApplication.java:761) [spring-boot-2.6.6.jar:2.6.6]
	at org.springframework.boot.SpringApplication.run(SpringApplication.java:310) [spring-boot-2.6.6.jar:2.6.6]
	at org.springframework.boot.SpringApplication.run(SpringApplication.java:1312) [spring-boot-2.6.6.jar:2.6.6]
	at org.springframework.boot.SpringApplication.run(SpringApplication.java:1301) [spring-boot-2.6.6.jar:2.6.6]
	at petistaan.example.demo.DemoApplication.main(DemoApplication.java:33) [classes/:na]
	at sun.reflect.NativeMethodAccessorImpl.invoke0(Native Method) ~[na:1.8.0_202]
	at sun.reflect.NativeMethodAccessorImpl.invoke(NativeMethodAccessorImpl.java:62) ~[na:1.8.0_202]
	at sun.reflect.DelegatingMethodAccessorImpl.invoke(DelegatingMethodAccessorImpl.java:43) ~[na:1.8.0_202]
	at java.lang.reflect.Method.invoke(Method.java:498) ~[na:1.8.0_202]
	at org.springframework.boot.devtools.restart.RestartLauncher.run(RestartLauncher.java:49) [spring-boot-devtools-2.6.6.jar:2.6.6]

