2025-02-08 14:57:58.339  INFO 8380 --- [restartedMain] petistaan.example.demo.DemoApplication   : Starting DemoApplication using Java 1.8.0_202 on LAPTOP-GUACUBB7 with PID 8380 (C:\Users\vaibhav\Desktop\Spring Boot Projecs\demo\target\classes started by vaibhav in C:\Users\vaibhav\Desktop\Spring Boot Projecs\demo)
2025-02-08 14:57:58.341  INFO 8380 --- [restartedMain] petistaan.example.demo.DemoApplication   : No active profile set, falling back to 1 default profile: "default"
2025-02-08 14:57:58.409  INFO 8380 --- [restartedMain] .e.DevToolsPropertyDefaultsPostProcessor : Devtools property defaults active! Set 'spring.devtools.add-properties' to 'false' to disable
2025-02-08 14:57:59.559  INFO 8380 --- [restartedMain] o.s.b.d.a.OptionalLiveReloadServer       : LiveReload server is running on port 35729
2025-02-08 14:57:59.581  INFO 8380 --- [restartedMain] petistaan.example.demo.DemoApplication   : Started DemoApplication in 1.934 seconds (JVM running for 2.649)
2025-02-08 14:59:07.686  INFO 8380 --- [restartedMain] petistaan.example.demo.aspect.LogAspect  : Entered OwnerDTO petistaan.example.demo.service.impl.OwnerServiceImpl.fetchOwner(int) with arguments as {}
2025-02-08 14:59:07.708  INFO 8380 --- [restartedMain] petistaan.example.demo.aspect.LogAspect  : Completed OwnerDTO petistaan.example.demo.service.impl.OwnerServiceImpl.fetchOwner(int) with exception {}

petistaan.example.demo.exception.OwnerNotFoundException: Owner not found with ownerId 4
	at petistaan.example.demo.service.impl.OwnerServiceImpl.lambda$fetchOwner$0(OwnerServiceImpl.java:36) ~[classes/:na]
	at java.util.Optional.orElseThrow(Optional.java:290) ~[na:1.8.0_202]
	at petistaan.example.demo.service.impl.OwnerServiceImpl.fetchOwner(OwnerServiceImpl.java:36) ~[classes/:na]
	at petistaan.example.demo.service.impl.OwnerServiceImpl$$FastClassBySpringCGLIB$$84f7d31b.invoke(<generated>) ~[classes/:na]
	at org.springframework.cglib.proxy.MethodProxy.invoke(MethodProxy.java:218) ~[spring-core-5.3.18.jar:5.3.18]
	at org.springframework.aop.framework.CglibAopProxy$CglibMethodInvocation.invokeJoinpoint(CglibAopProxy.java:783) [spring-aop-5.3.18.jar:5.3.18]
	at org.springframework.aop.framework.ReflectiveMethodInvocation.proceed(ReflectiveMethodInvocation.java:163) ~[spring-aop-5.3.18.jar:5.3.18]
	at org.springframework.aop.framework.CglibAopProxy$CglibMethodInvocation.proceed(CglibAopProxy.java:753) [spring-aop-5.3.18.jar:5.3.18]
	at org.springframework.aop.aspectj.AspectJAfterThrowingAdvice.invoke(AspectJAfterThrowingAdvice.java:64) ~[spring-aop-5.3.18.jar:5.3.18]
	at org.springframework.aop.framework.ReflectiveMethodInvocation.proceed(ReflectiveMethodInvocation.java:186) ~[spring-aop-5.3.18.jar:5.3.18]
	at org.springframework.aop.framework.CglibAopProxy$CglibMethodInvocation.proceed(CglibAopProxy.java:753) [spring-aop-5.3.18.jar:5.3.18]
	at org.springframework.aop.framework.adapter.AfterReturningAdviceInterceptor.invoke(AfterReturningAdviceInterceptor.java:57) ~[spring-aop-5.3.18.jar:5.3.18]
	at org.springframework.aop.framework.ReflectiveMethodInvocation.proceed(ReflectiveMethodInvocation.java:186) ~[spring-aop-5.3.18.jar:5.3.18]
	at org.springframework.aop.framework.CglibAopProxy$CglibMethodInvocation.proceed(CglibAopProxy.java:753) [spring-aop-5.3.18.jar:5.3.18]
	at org.springframework.aop.framework.adapter.MethodBeforeAdviceInterceptor.invoke(MethodBeforeAdviceInterceptor.java:58) [spring-aop-5.3.18.jar:5.3.18]
	at org.springframework.aop.framework.ReflectiveMethodInvocation.proceed(ReflectiveMethodInvocation.java:186) ~[spring-aop-5.3.18.jar:5.3.18]
	at org.springframework.aop.framework.CglibAopProxy$CglibMethodInvocation.proceed(CglibAopProxy.java:753) [spring-aop-5.3.18.jar:5.3.18]
	at org.springframework.aop.interceptor.ExposeInvocationInterceptor.invoke(ExposeInvocationInterceptor.java:97) [spring-aop-5.3.18.jar:5.3.18]
	at org.springframework.aop.framework.ReflectiveMethodInvocation.proceed(ReflectiveMethodInvocation.java:186) ~[spring-aop-5.3.18.jar:5.3.18]
	at org.springframework.aop.framework.CglibAopProxy$CglibMethodInvocation.proceed(CglibAopProxy.java:753) [spring-aop-5.3.18.jar:5.3.18]
	at org.springframework.aop.framework.CglibAopProxy$DynamicAdvisedInterceptor.intercept(CglibAopProxy.java:698) [spring-aop-5.3.18.jar:5.3.18]
	at petistaan.example.demo.service.impl.OwnerServiceImpl$$EnhancerBySpringCGLIB$$edbe5c6e.fetchOwner(<generated>) [classes/:na]
	at petistaan.example.demo.DemoApplication.run(DemoApplication.java:52) [classes/:na]
	at org.springframework.boot.SpringApplication.callRunner(SpringApplication.java:777) [spring-boot-2.6.6.jar:2.6.6]
	at org.springframework.boot.SpringApplication.callRunners(SpringApplication.java:761) [spring-boot-2.6.6.jar:2.6.6]
	at org.springframework.boot.SpringApplication.run(SpringApplication.java:310) [spring-boot-2.6.6.jar:2.6.6]
	at org.springframework.boot.SpringApplication.run(SpringApplication.java:1312) [spring-boot-2.6.6.jar:2.6.6]
	at org.springframework.boot.SpringApplication.run(SpringApplication.java:1301) [spring-boot-2.6.6.jar:2.6.6]
	at petistaan.example.demo.DemoApplication.main(DemoApplication.java:33) [classes/:na]
	at sun.reflect.NativeMethodAccessorImpl.invoke0(Native Method) ~[na:1.8.0_202]
	at sun.reflect.NativeMethodAccessorImpl.invoke(NativeMethodAccessorImpl.java:62) ~[na:1.8.0_202]
	at sun.reflect.DelegatingMethodAccessorImpl.invoke(DelegatingMethodAccessorImpl.java:43) ~[na:1.8.0_202]
	at java.lang.reflect.Method.invoke(Method.java:498) ~[na:1.8.0_202]
	at org.springframework.boot.devtools.restart.RestartLauncher.run(RestartLauncher.java:49) [spring-boot-devtools-2.6.6.jar:2.6.6]

2025-02-08 14:59:07.710 ERROR 8380 --- [restartedMain] petistaan.example.demo.DemoApplication   : Owner not found with ownerId 4

petistaan.example.demo.exception.OwnerNotFoundException: Owner not found with ownerId 4
	at petistaan.example.demo.service.impl.OwnerServiceImpl.lambda$fetchOwner$0(OwnerServiceImpl.java:36) ~[classes/:na]
	at java.util.Optional.orElseThrow(Optional.java:290) ~[na:1.8.0_202]
	at petistaan.example.demo.service.impl.OwnerServiceImpl.fetchOwner(OwnerServiceImpl.java:36) ~[classes/:na]
	at petistaan.example.demo.service.impl.OwnerServiceImpl$$FastClassBySpringCGLIB$$84f7d31b.invoke(<generated>) ~[classes/:na]
	at org.springframework.cglib.proxy.MethodProxy.invoke(MethodProxy.java:218) ~[spring-core-5.3.18.jar:5.3.18]
	at org.springframework.aop.framework.CglibAopProxy$CglibMethodInvocation.invokeJoinpoint(CglibAopProxy.java:783) ~[spring-aop-5.3.18.jar:5.3.18]
	at org.springframework.aop.framework.ReflectiveMethodInvocation.proceed(ReflectiveMethodInvocation.java:163) ~[spring-aop-5.3.18.jar:5.3.18]
	at org.springframework.aop.framework.CglibAopProxy$CglibMethodInvocation.proceed(CglibAopProxy.java:753) ~[spring-aop-5.3.18.jar:5.3.18]
	at org.springframework.aop.aspectj.AspectJAfterThrowingAdvice.invoke(AspectJAfterThrowingAdvice.java:64) ~[spring-aop-5.3.18.jar:5.3.18]
	at org.springframework.aop.framework.ReflectiveMethodInvocation.proceed(ReflectiveMethodInvocation.java:186) ~[spring-aop-5.3.18.jar:5.3.18]
	at org.springframework.aop.framework.CglibAopProxy$CglibMethodInvocation.proceed(CglibAopProxy.java:753) ~[spring-aop-5.3.18.jar:5.3.18]
	at org.springframework.aop.framework.adapter.AfterReturningAdviceInterceptor.invoke(AfterReturningAdviceInterceptor.java:57) ~[spring-aop-5.3.18.jar:5.3.18]
	at org.springframework.aop.framework.ReflectiveMethodInvocation.proceed(ReflectiveMethodInvocation.java:186) ~[spring-aop-5.3.18.jar:5.3.18]
	at org.springframework.aop.framework.CglibAopProxy$CglibMethodInvocation.proceed(CglibAopProxy.java:753) ~[spring-aop-5.3.18.jar:5.3.18]
	at org.springframework.aop.framework.adapter.MethodBeforeAdviceInterceptor.invoke(MethodBeforeAdviceInterceptor.java:58) ~[spring-aop-5.3.18.jar:5.3.18]
	at org.springframework.aop.framework.ReflectiveMethodInvocation.proceed(ReflectiveMethodInvocation.java:186) ~[spring-aop-5.3.18.jar:5.3.18]
	at org.springframework.aop.framework.CglibAopProxy$CglibMethodInvocation.proceed(CglibAopProxy.java:753) ~[spring-aop-5.3.18.jar:5.3.18]
	at org.springframework.aop.interceptor.ExposeInvocationInterceptor.invoke(ExposeInvocationInterceptor.java:97) ~[spring-aop-5.3.18.jar:5.3.18]
	at org.springframework.aop.framework.ReflectiveMethodInvocation.proceed(ReflectiveMethodInvocation.java:186) ~[spring-aop-5.3.18.jar:5.3.18]
	at org.springframework.aop.framework.CglibAopProxy$CglibMethodInvocation.proceed(CglibAopProxy.java:753) ~[spring-aop-5.3.18.jar:5.3.18]
	at org.springframework.aop.framework.CglibAopProxy$DynamicAdvisedInterceptor.intercept(CglibAopProxy.java:698) ~[spring-aop-5.3.18.jar:5.3.18]
	at petistaan.example.demo.service.impl.OwnerServiceImpl$$EnhancerBySpringCGLIB$$edbe5c6e.fetchOwner(<generated>) ~[classes/:na]
	at petistaan.example.demo.DemoApplication.run(DemoApplication.java:52) [classes/:na]
	at org.springframework.boot.SpringApplication.callRunner(SpringApplication.java:777) [spring-boot-2.6.6.jar:2.6.6]
	at org.springframework.boot.SpringApplication.callRunners(SpringApplication.java:761) [spring-boot-2.6.6.jar:2.6.6]
	at org.springframework.boot.SpringApplication.run(SpringApplication.java:310) [spring-boot-2.6.6.jar:2.6.6]
	at org.springframework.boot.SpringApplication.run(SpringApplication.java:1312) [spring-boot-2.6.6.jar:2.6.6]
	at org.springframework.boot.SpringApplication.run(SpringApplication.java:1301) [spring-boot-2.6.6.jar:2.6.6]
	at petistaan.example.demo.DemoApplication.main(DemoApplication.java:33) [classes/:na]
	at sun.reflect.NativeMethodAccessorImpl.invoke0(Native Method) ~[na:1.8.0_202]
	at sun.reflect.NativeMethodAccessorImpl.invoke(NativeMethodAccessorImpl.java:62) ~[na:1.8.0_202]
	at sun.reflect.DelegatingMethodAccessorImpl.invoke(DelegatingMethodAccessorImpl.java:43) ~[na:1.8.0_202]
	at java.lang.reflect.Method.invoke(Method.java:498) ~[na:1.8.0_202]
	at org.springframework.boot.devtools.restart.RestartLauncher.run(RestartLauncher.java:49) [spring-boot-devtools-2.6.6.jar:2.6.6]

2025-02-08 15:02:25.068  INFO 9564 --- [restartedMain] petistaan.example.demo.DemoApplication   : Starting DemoApplication using Java 1.8.0_202 on LAPTOP-GUACUBB7 with PID 9564 (C:\Users\vaibhav\Desktop\Spring Boot Projecs\demo\target\classes started by vaibhav in C:\Users\vaibhav\Desktop\Spring Boot Projecs\demo)
2025-02-08 15:02:25.070  INFO 9564 --- [restartedMain] petistaan.example.demo.DemoApplication   : No active profile set, falling back to 1 default profile: "default"
2025-02-08 15:02:25.166  INFO 9564 --- [restartedMain] .e.DevToolsPropertyDefaultsPostProcessor : Devtools property defaults active! Set 'spring.devtools.add-properties' to 'false' to disable
2025-02-08 15:02:26.039  INFO 9564 --- [restartedMain] o.s.b.d.a.OptionalLiveReloadServer       : LiveReload server is running on port 35729
2025-02-08 15:02:26.063  INFO 9564 --- [restartedMain] petistaan.example.demo.DemoApplication   : Started DemoApplication in 1.5 seconds (JVM running for 1.993)
2025-02-08 15:02:37.303  INFO 9564 --- [restartedMain] petistaan.example.demo.aspect.LogAspect  : Entered OwnerDTO petistaan.example.demo.service.impl.OwnerServiceImpl.fetchOwner(int) with arguments as [3]
2025-02-08 15:02:37.326  INFO 9564 --- [restartedMain] petistaan.example.demo.aspect.LogAspect  : Completed OwnerDTO petistaan.example.demo.service.impl.OwnerServiceImpl.fetchOwner(int) with exception {}

petistaan.example.demo.exception.OwnerNotFoundException: Owner not found with ownerId 3
	at petistaan.example.demo.service.impl.OwnerServiceImpl.lambda$fetchOwner$0(OwnerServiceImpl.java:36) ~[classes/:na]
	at java.util.Optional.orElseThrow(Optional.java:290) ~[na:1.8.0_202]
	at petistaan.example.demo.service.impl.OwnerServiceImpl.fetchOwner(OwnerServiceImpl.java:36) ~[classes/:na]
	at petistaan.example.demo.service.impl.OwnerServiceImpl$$FastClassBySpringCGLIB$$84f7d31b.invoke(<generated>) ~[classes/:na]
	at org.springframework.cglib.proxy.MethodProxy.invoke(MethodProxy.java:218) ~[spring-core-5.3.18.jar:5.3.18]
	at org.springframework.aop.framework.CglibAopProxy$CglibMethodInvocation.invokeJoinpoint(CglibAopProxy.java:783) [spring-aop-5.3.18.jar:5.3.18]
	at org.springframework.aop.framework.ReflectiveMethodInvocation.proceed(ReflectiveMethodInvocation.java:163) ~[spring-aop-5.3.18.jar:5.3.18]
	at org.springframework.aop.framework.CglibAopProxy$CglibMethodInvocation.proceed(CglibAopProxy.java:753) [spring-aop-5.3.18.jar:5.3.18]
	at org.springframework.aop.aspectj.AspectJAfterThrowingAdvice.invoke(AspectJAfterThrowingAdvice.java:64) ~[spring-aop-5.3.18.jar:5.3.18]
	at org.springframework.aop.framework.ReflectiveMethodInvocation.proceed(ReflectiveMethodInvocation.java:186) ~[spring-aop-5.3.18.jar:5.3.18]
	at org.springframework.aop.framework.CglibAopProxy$CglibMethodInvocation.proceed(CglibAopProxy.java:753) [spring-aop-5.3.18.jar:5.3.18]
	at org.springframework.aop.framework.adapter.AfterReturningAdviceInterceptor.invoke(AfterReturningAdviceInterceptor.java:57) ~[spring-aop-5.3.18.jar:5.3.18]
	at org.springframework.aop.framework.ReflectiveMethodInvocation.proceed(ReflectiveMethodInvocation.java:186) ~[spring-aop-5.3.18.jar:5.3.18]
	at org.springframework.aop.framework.CglibAopProxy$CglibMethodInvocation.proceed(CglibAopProxy.java:753) [spring-aop-5.3.18.jar:5.3.18]
	at org.springframework.aop.framework.adapter.MethodBeforeAdviceInterceptor.invoke(MethodBeforeAdviceInterceptor.java:58) [spring-aop-5.3.18.jar:5.3.18]
	at org.springframework.aop.framework.ReflectiveMethodInvocation.proceed(ReflectiveMethodInvocation.java:186) ~[spring-aop-5.3.18.jar:5.3.18]
	at org.springframework.aop.framework.CglibAopProxy$CglibMethodInvocation.proceed(CglibAopProxy.java:753) [spring-aop-5.3.18.jar:5.3.18]
	at org.springframework.aop.interceptor.ExposeInvocationInterceptor.invoke(ExposeInvocationInterceptor.java:97) [spring-aop-5.3.18.jar:5.3.18]
	at org.springframework.aop.framework.ReflectiveMethodInvocation.proceed(ReflectiveMethodInvocation.java:186) ~[spring-aop-5.3.18.jar:5.3.18]
	at org.springframework.aop.framework.CglibAopProxy$CglibMethodInvocation.proceed(CglibAopProxy.java:753) [spring-aop-5.3.18.jar:5.3.18]
	at org.springframework.aop.framework.CglibAopProxy$DynamicAdvisedInterceptor.intercept(CglibAopProxy.java:698) [spring-aop-5.3.18.jar:5.3.18]
	at petistaan.example.demo.service.impl.OwnerServiceImpl$$EnhancerBySpringCGLIB$$13e15f1.fetchOwner(<generated>) [classes/:na]
	at petistaan.example.demo.DemoApplication.run(DemoApplication.java:52) [classes/:na]
	at org.springframework.boot.SpringApplication.callRunner(SpringApplication.java:777) [spring-boot-2.6.6.jar:2.6.6]
	at org.springframework.boot.SpringApplication.callRunners(SpringApplication.java:761) [spring-boot-2.6.6.jar:2.6.6]
	at org.springframework.boot.SpringApplication.run(SpringApplication.java:310) [spring-boot-2.6.6.jar:2.6.6]
	at org.springframework.boot.SpringApplication.run(SpringApplication.java:1312) [spring-boot-2.6.6.jar:2.6.6]
	at org.springframework.boot.SpringApplication.run(SpringApplication.java:1301) [spring-boot-2.6.6.jar:2.6.6]
	at petistaan.example.demo.DemoApplication.main(DemoApplication.java:33) [classes/:na]
	at sun.reflect.NativeMethodAccessorImpl.invoke0(Native Method) ~[na:1.8.0_202]
	at sun.reflect.NativeMethodAccessorImpl.invoke(NativeMethodAccessorImpl.java:62) ~[na:1.8.0_202]
	at sun.reflect.DelegatingMethodAccessorImpl.invoke(DelegatingMethodAccessorImpl.java:43) ~[na:1.8.0_202]
	at java.lang.reflect.Method.invoke(Method.java:498) ~[na:1.8.0_202]
	at org.springframework.boot.devtools.restart.RestartLauncher.run(RestartLauncher.java:49) [spring-boot-devtools-2.6.6.jar:2.6.6]

2025-02-08 15:02:37.328 ERROR 9564 --- [restartedMain] petistaan.example.demo.DemoApplication   : Owner not found with ownerId 3

petistaan.example.demo.exception.OwnerNotFoundException: Owner not found with ownerId 3
	at petistaan.example.demo.service.impl.OwnerServiceImpl.lambda$fetchOwner$0(OwnerServiceImpl.java:36) ~[classes/:na]
	at java.util.Optional.orElseThrow(Optional.java:290) ~[na:1.8.0_202]
	at petistaan.example.demo.service.impl.OwnerServiceImpl.fetchOwner(OwnerServiceImpl.java:36) ~[classes/:na]
	at petistaan.example.demo.service.impl.OwnerServiceImpl$$FastClassBySpringCGLIB$$84f7d31b.invoke(<generated>) ~[classes/:na]
	at org.springframework.cglib.proxy.MethodProxy.invoke(MethodProxy.java:218) ~[spring-core-5.3.18.jar:5.3.18]
	at org.springframework.aop.framework.CglibAopProxy$CglibMethodInvocation.invokeJoinpoint(CglibAopProxy.java:783) ~[spring-aop-5.3.18.jar:5.3.18]
	at org.springframework.aop.framework.ReflectiveMethodInvocation.proceed(ReflectiveMethodInvocation.java:163) ~[spring-aop-5.3.18.jar:5.3.18]
	at org.springframework.aop.framework.CglibAopProxy$CglibMethodInvocation.proceed(CglibAopProxy.java:753) ~[spring-aop-5.3.18.jar:5.3.18]
	at org.springframework.aop.aspectj.AspectJAfterThrowingAdvice.invoke(AspectJAfterThrowingAdvice.java:64) ~[spring-aop-5.3.18.jar:5.3.18]
	at org.springframework.aop.framework.ReflectiveMethodInvocation.proceed(ReflectiveMethodInvocation.java:186) ~[spring-aop-5.3.18.jar:5.3.18]
	at org.springframework.aop.framework.CglibAopProxy$CglibMethodInvocation.proceed(CglibAopProxy.java:753) ~[spring-aop-5.3.18.jar:5.3.18]
	at org.springframework.aop.framework.adapter.AfterReturningAdviceInterceptor.invoke(AfterReturningAdviceInterceptor.java:57) ~[spring-aop-5.3.18.jar:5.3.18]
	at org.springframework.aop.framework.ReflectiveMethodInvocation.proceed(ReflectiveMethodInvocation.java:186) ~[spring-aop-5.3.18.jar:5.3.18]
	at org.springframework.aop.framework.CglibAopProxy$CglibMethodInvocation.proceed(CglibAopProxy.java:753) ~[spring-aop-5.3.18.jar:5.3.18]
	at org.springframework.aop.framework.adapter.MethodBeforeAdviceInterceptor.invoke(MethodBeforeAdviceInterceptor.java:58) ~[spring-aop-5.3.18.jar:5.3.18]
	at org.springframework.aop.framework.ReflectiveMethodInvocation.proceed(ReflectiveMethodInvocation.java:186) ~[spring-aop-5.3.18.jar:5.3.18]
	at org.springframework.aop.framework.CglibAopProxy$CglibMethodInvocation.proceed(CglibAopProxy.java:753) ~[spring-aop-5.3.18.jar:5.3.18]
	at org.springframework.aop.interceptor.ExposeInvocationInterceptor.invoke(ExposeInvocationInterceptor.java:97) ~[spring-aop-5.3.18.jar:5.3.18]
	at org.springframework.aop.framework.ReflectiveMethodInvocation.proceed(ReflectiveMethodInvocation.java:186) ~[spring-aop-5.3.18.jar:5.3.18]
	at org.springframework.aop.framework.CglibAopProxy$CglibMethodInvocation.proceed(CglibAopProxy.java:753) ~[spring-aop-5.3.18.jar:5.3.18]
	at org.springframework.aop.framework.CglibAopProxy$DynamicAdvisedInterceptor.intercept(CglibAopProxy.java:698) ~[spring-aop-5.3.18.jar:5.3.18]
	at petistaan.example.demo.service.impl.OwnerServiceImpl$$EnhancerBySpringCGLIB$$13e15f1.fetchOwner(<generated>) ~[classes/:na]
	at petistaan.example.demo.DemoApplication.run(DemoApplication.java:52) [classes/:na]
	at org.springframework.boot.SpringApplication.callRunner(SpringApplication.java:777) [spring-boot-2.6.6.jar:2.6.6]
	at org.springframework.boot.SpringApplication.callRunners(SpringApplication.java:761) [spring-boot-2.6.6.jar:2.6.6]
	at org.springframework.boot.SpringApplication.run(SpringApplication.java:310) [spring-boot-2.6.6.jar:2.6.6]
	at org.springframework.boot.SpringApplication.run(SpringApplication.java:1312) [spring-boot-2.6.6.jar:2.6.6]
	at org.springframework.boot.SpringApplication.run(SpringApplication.java:1301) [spring-boot-2.6.6.jar:2.6.6]
	at petistaan.example.demo.DemoApplication.main(DemoApplication.java:33) [classes/:na]
	at sun.reflect.NativeMethodAccessorImpl.invoke0(Native Method) ~[na:1.8.0_202]
	at sun.reflect.NativeMethodAccessorImpl.invoke(NativeMethodAccessorImpl.java:62) ~[na:1.8.0_202]
	at sun.reflect.DelegatingMethodAccessorImpl.invoke(DelegatingMethodAccessorImpl.java:43) ~[na:1.8.0_202]
	at java.lang.reflect.Method.invoke(Method.java:498) ~[na:1.8.0_202]
	at org.springframework.boot.devtools.restart.RestartLauncher.run(RestartLauncher.java:49) [spring-boot-devtools-2.6.6.jar:2.6.6]

2025-02-08 15:16:01.709  INFO 6440 --- [restartedMain] petistaan.example.demo.DemoApplication   : Starting DemoApplication using Java 1.8.0_202 on LAPTOP-GUACUBB7 with PID 6440 (C:\Users\vaibhav\Desktop\Spring Boot Projecs\demo\target\classes started by vaibhav in C:\Users\vaibhav\Desktop\Spring Boot Projecs\demo)
2025-02-08 15:16:01.712  INFO 6440 --- [restartedMain] petistaan.example.demo.DemoApplication   : No active profile set, falling back to 1 default profile: "default"
2025-02-08 15:16:01.771  INFO 6440 --- [restartedMain] .e.DevToolsPropertyDefaultsPostProcessor : Devtools property defaults active! Set 'spring.devtools.add-properties' to 'false' to disable
2025-02-08 15:16:02.690  INFO 6440 --- [restartedMain] o.s.b.d.a.OptionalLiveReloadServer       : LiveReload server is running on port 35729
2025-02-08 15:16:02.711  INFO 6440 --- [restartedMain] petistaan.example.demo.DemoApplication   : Started DemoApplication in 1.432 seconds (JVM running for 1.938)
2025-02-08 15:16:12.397  INFO 6440 --- [restartedMain] petistaan.example.demo.aspect.LogAspect  : Entered OwnerDTO petistaan.example.demo.service.impl.OwnerServiceImpl.fetchOwner(int) with arguments as [3]
2025-02-08 15:16:12.418  INFO 6440 --- [restartedMain] petistaan.example.demo.aspect.LogAspect  : Completed OwnerDTO petistaan.example.demo.service.impl.OwnerServiceImpl.fetchOwner(int) with exception {}

petistaan.example.demo.exception.OwnerNotFoundException: =Can't find owner with ownerId 3
	at petistaan.example.demo.service.impl.OwnerServiceImpl.lambda$fetchOwner$0(OwnerServiceImpl.java:36) ~[classes/:na]
	at java.util.Optional.orElseThrow(Optional.java:290) ~[na:1.8.0_202]
	at petistaan.example.demo.service.impl.OwnerServiceImpl.fetchOwner(OwnerServiceImpl.java:36) ~[classes/:na]
	at petistaan.example.demo.service.impl.OwnerServiceImpl$$FastClassBySpringCGLIB$$84f7d31b.invoke(<generated>) ~[classes/:na]
	at org.springframework.cglib.proxy.MethodProxy.invoke(MethodProxy.java:218) ~[spring-core-5.3.18.jar:5.3.18]
	at org.springframework.aop.framework.CglibAopProxy$CglibMethodInvocation.invokeJoinpoint(CglibAopProxy.java:783) [spring-aop-5.3.18.jar:5.3.18]
	at org.springframework.aop.framework.ReflectiveMethodInvocation.proceed(ReflectiveMethodInvocation.java:163) ~[spring-aop-5.3.18.jar:5.3.18]
	at org.springframework.aop.framework.CglibAopProxy$CglibMethodInvocation.proceed(CglibAopProxy.java:753) [spring-aop-5.3.18.jar:5.3.18]
	at org.springframework.aop.aspectj.AspectJAfterThrowingAdvice.invoke(AspectJAfterThrowingAdvice.java:64) ~[spring-aop-5.3.18.jar:5.3.18]
	at org.springframework.aop.framework.ReflectiveMethodInvocation.proceed(ReflectiveMethodInvocation.java:186) ~[spring-aop-5.3.18.jar:5.3.18]
	at org.springframework.aop.framework.CglibAopProxy$CglibMethodInvocation.proceed(CglibAopProxy.java:753) [spring-aop-5.3.18.jar:5.3.18]
	at org.springframework.aop.framework.adapter.AfterReturningAdviceInterceptor.invoke(AfterReturningAdviceInterceptor.java:57) ~[spring-aop-5.3.18.jar:5.3.18]
	at org.springframework.aop.framework.ReflectiveMethodInvocation.proceed(ReflectiveMethodInvocation.java:186) ~[spring-aop-5.3.18.jar:5.3.18]
	at org.springframework.aop.framework.CglibAopProxy$CglibMethodInvocation.proceed(CglibAopProxy.java:753) [spring-aop-5.3.18.jar:5.3.18]
	at org.springframework.aop.framework.adapter.MethodBeforeAdviceInterceptor.invoke(MethodBeforeAdviceInterceptor.java:58) [spring-aop-5.3.18.jar:5.3.18]
	at org.springframework.aop.framework.ReflectiveMethodInvocation.proceed(ReflectiveMethodInvocation.java:186) ~[spring-aop-5.3.18.jar:5.3.18]
	at org.springframework.aop.framework.CglibAopProxy$CglibMethodInvocation.proceed(CglibAopProxy.java:753) [spring-aop-5.3.18.jar:5.3.18]
	at org.springframework.aop.interceptor.ExposeInvocationInterceptor.invoke(ExposeInvocationInterceptor.java:97) [spring-aop-5.3.18.jar:5.3.18]
	at org.springframework.aop.framework.ReflectiveMethodInvocation.proceed(ReflectiveMethodInvocation.java:186) ~[spring-aop-5.3.18.jar:5.3.18]
	at org.springframework.aop.framework.CglibAopProxy$CglibMethodInvocation.proceed(CglibAopProxy.java:753) [spring-aop-5.3.18.jar:5.3.18]
	at org.springframework.aop.framework.CglibAopProxy$DynamicAdvisedInterceptor.intercept(CglibAopProxy.java:698) [spring-aop-5.3.18.jar:5.3.18]
	at petistaan.example.demo.service.impl.OwnerServiceImpl$$EnhancerBySpringCGLIB$$782a6f8c.fetchOwner(<generated>) [classes/:na]
	at petistaan.example.demo.DemoApplication.run(DemoApplication.java:52) [classes/:na]
	at org.springframework.boot.SpringApplication.callRunner(SpringApplication.java:777) [spring-boot-2.6.6.jar:2.6.6]
	at org.springframework.boot.SpringApplication.callRunners(SpringApplication.java:761) [spring-boot-2.6.6.jar:2.6.6]
	at org.springframework.boot.SpringApplication.run(SpringApplication.java:310) [spring-boot-2.6.6.jar:2.6.6]
	at org.springframework.boot.SpringApplication.run(SpringApplication.java:1312) [spring-boot-2.6.6.jar:2.6.6]
	at org.springframework.boot.SpringApplication.run(SpringApplication.java:1301) [spring-boot-2.6.6.jar:2.6.6]
	at petistaan.example.demo.DemoApplication.main(DemoApplication.java:33) [classes/:na]
	at sun.reflect.NativeMethodAccessorImpl.invoke0(Native Method) ~[na:1.8.0_202]
	at sun.reflect.NativeMethodAccessorImpl.invoke(NativeMethodAccessorImpl.java:62) ~[na:1.8.0_202]
	at sun.reflect.DelegatingMethodAccessorImpl.invoke(DelegatingMethodAccessorImpl.java:43) ~[na:1.8.0_202]
	at java.lang.reflect.Method.invoke(Method.java:498) ~[na:1.8.0_202]
	at org.springframework.boot.devtools.restart.RestartLauncher.run(RestartLauncher.java:49) [spring-boot-devtools-2.6.6.jar:2.6.6]

2025-02-08 15:16:12.421 ERROR 6440 --- [restartedMain] petistaan.example.demo.DemoApplication   : =Can't find owner with ownerId 3

petistaan.example.demo.exception.OwnerNotFoundException: =Can't find owner with ownerId 3
	at petistaan.example.demo.service.impl.OwnerServiceImpl.lambda$fetchOwner$0(OwnerServiceImpl.java:36) ~[classes/:na]
	at java.util.Optional.orElseThrow(Optional.java:290) ~[na:1.8.0_202]
	at petistaan.example.demo.service.impl.OwnerServiceImpl.fetchOwner(OwnerServiceImpl.java:36) ~[classes/:na]
	at petistaan.example.demo.service.impl.OwnerServiceImpl$$FastClassBySpringCGLIB$$84f7d31b.invoke(<generated>) ~[classes/:na]
	at org.springframework.cglib.proxy.MethodProxy.invoke(MethodProxy.java:218) ~[spring-core-5.3.18.jar:5.3.18]
	at org.springframework.aop.framework.CglibAopProxy$CglibMethodInvocation.invokeJoinpoint(CglibAopProxy.java:783) ~[spring-aop-5.3.18.jar:5.3.18]
	at org.springframework.aop.framework.ReflectiveMethodInvocation.proceed(ReflectiveMethodInvocation.java:163) ~[spring-aop-5.3.18.jar:5.3.18]
	at org.springframework.aop.framework.CglibAopProxy$CglibMethodInvocation.proceed(CglibAopProxy.java:753) ~[spring-aop-5.3.18.jar:5.3.18]
	at org.springframework.aop.aspectj.AspectJAfterThrowingAdvice.invoke(AspectJAfterThrowingAdvice.java:64) ~[spring-aop-5.3.18.jar:5.3.18]
	at org.springframework.aop.framework.ReflectiveMethodInvocation.proceed(ReflectiveMethodInvocation.java:186) ~[spring-aop-5.3.18.jar:5.3.18]
	at org.springframework.aop.framework.CglibAopProxy$CglibMethodInvocation.proceed(CglibAopProxy.java:753) ~[spring-aop-5.3.18.jar:5.3.18]
	at org.springframework.aop.framework.adapter.AfterReturningAdviceInterceptor.invoke(AfterReturningAdviceInterceptor.java:57) ~[spring-aop-5.3.18.jar:5.3.18]
	at org.springframework.aop.framework.ReflectiveMethodInvocation.proceed(ReflectiveMethodInvocation.java:186) ~[spring-aop-5.3.18.jar:5.3.18]
	at org.springframework.aop.framework.CglibAopProxy$CglibMethodInvocation.proceed(CglibAopProxy.java:753) ~[spring-aop-5.3.18.jar:5.3.18]
	at org.springframework.aop.framework.adapter.MethodBeforeAdviceInterceptor.invoke(MethodBeforeAdviceInterceptor.java:58) ~[spring-aop-5.3.18.jar:5.3.18]
	at org.springframework.aop.framework.ReflectiveMethodInvocation.proceed(ReflectiveMethodInvocation.java:186) ~[spring-aop-5.3.18.jar:5.3.18]
	at org.springframework.aop.framework.CglibAopProxy$CglibMethodInvocation.proceed(CglibAopProxy.java:753) ~[spring-aop-5.3.18.jar:5.3.18]
	at org.springframework.aop.interceptor.ExposeInvocationInterceptor.invoke(ExposeInvocationInterceptor.java:97) ~[spring-aop-5.3.18.jar:5.3.18]
	at org.springframework.aop.framework.ReflectiveMethodInvocation.proceed(ReflectiveMethodInvocation.java:186) ~[spring-aop-5.3.18.jar:5.3.18]
	at org.springframework.aop.framework.CglibAopProxy$CglibMethodInvocation.proceed(CglibAopProxy.java:753) ~[spring-aop-5.3.18.jar:5.3.18]
	at org.springframework.aop.framework.CglibAopProxy$DynamicAdvisedInterceptor.intercept(CglibAopProxy.java:698) ~[spring-aop-5.3.18.jar:5.3.18]
	at petistaan.example.demo.service.impl.OwnerServiceImpl$$EnhancerBySpringCGLIB$$782a6f8c.fetchOwner(<generated>) ~[classes/:na]
	at petistaan.example.demo.DemoApplication.run(DemoApplication.java:52) [classes/:na]
	at org.springframework.boot.SpringApplication.callRunner(SpringApplication.java:777) [spring-boot-2.6.6.jar:2.6.6]
	at org.springframework.boot.SpringApplication.callRunners(SpringApplication.java:761) [spring-boot-2.6.6.jar:2.6.6]
	at org.springframework.boot.SpringApplication.run(SpringApplication.java:310) [spring-boot-2.6.6.jar:2.6.6]
	at org.springframework.boot.SpringApplication.run(SpringApplication.java:1312) [spring-boot-2.6.6.jar:2.6.6]
	at org.springframework.boot.SpringApplication.run(SpringApplication.java:1301) [spring-boot-2.6.6.jar:2.6.6]
	at petistaan.example.demo.DemoApplication.main(DemoApplication.java:33) [classes/:na]
	at sun.reflect.NativeMethodAccessorImpl.invoke0(Native Method) ~[na:1.8.0_202]
	at sun.reflect.NativeMethodAccessorImpl.invoke(NativeMethodAccessorImpl.java:62) ~[na:1.8.0_202]
	at sun.reflect.DelegatingMethodAccessorImpl.invoke(DelegatingMethodAccessorImpl.java:43) ~[na:1.8.0_202]
	at java.lang.reflect.Method.invoke(Method.java:498) ~[na:1.8.0_202]
	at org.springframework.boot.devtools.restart.RestartLauncher.run(RestartLauncher.java:49) [spring-boot-devtools-2.6.6.jar:2.6.6]

2025-02-08 15:22:13.416  INFO 21388 --- [restartedMain] petistaan.example.demo.DemoApplication   : Starting DemoApplication using Java 1.8.0_202 on LAPTOP-GUACUBB7 with PID 21388 (C:\Users\vaibhav\Desktop\Spring Boot Projecs\demo\target\classes started by vaibhav in C:\Users\vaibhav\Desktop\Spring Boot Projecs\demo)
2025-02-08 15:22:13.419  INFO 21388 --- [restartedMain] petistaan.example.demo.DemoApplication   : No active profile set, falling back to 1 default profile: "default"
2025-02-08 15:22:13.475  INFO 21388 --- [restartedMain] .e.DevToolsPropertyDefaultsPostProcessor : Devtools property defaults active! Set 'spring.devtools.add-properties' to 'false' to disable
2025-02-08 15:22:14.337  INFO 21388 --- [restartedMain] o.s.b.d.a.OptionalLiveReloadServer       : LiveReload server is running on port 35729
2025-02-08 15:22:14.358  INFO 21388 --- [restartedMain] petistaan.example.demo.DemoApplication   : Started DemoApplication in 1.375 seconds (JVM running for 1.854)
2025-02-08 15:24:09.001  INFO 21388 --- [restartedMain] petistaan.example.demo.aspect.LogAspect  : Entered List petistaan.example.demo.service.impl.OwnerServiceImpl.findAllOwners() with arguments as []
2025-02-08 15:24:09.019  INFO 21388 --- [restartedMain] petistaan.example.demo.aspect.LogAspect  : Completed List petistaan.example.demo.service.impl.OwnerServiceImpl.findAllOwners() with result as [OwnerDTO{id=1, firstName='John', lastName='Doe', gender=M, city='Hyderabad', state='Andhra Pradesh', mobileNumber='9009009001', emailId='john.doe@abhishekvermaa10.com', petDTO=PetDTO{id=1, name='Max', gender=M, type=DOG, ownerDTO=null}}, OwnerDTO{id=2, firstName='Jane', lastName='Smith', gender=F, city='Vishakhapatnam', state='Andhra Pradesh', mobileNumber='9009009002', emailId='jane.smith@abhishekvermaa10.com', petDTO=PetDTO{id=2, name='Fluffy', gender=F, type=CAT, ownerDTO=null}}]
2025-02-08 15:25:19.559  INFO 21388 --- [restartedMain] petistaan.example.demo.aspect.LogAspect  : Entered OwnerDTO petistaan.example.demo.service.impl.OwnerServiceImpl.fetchOwner(int) with arguments as [2]
2025-02-08 15:25:19.563  INFO 21388 --- [restartedMain] petistaan.example.demo.aspect.LogAspect  : Completed OwnerDTO petistaan.example.demo.service.impl.OwnerServiceImpl.fetchOwner(int) with result as OwnerDTO{id=2, firstName='Jane', lastName='Smith', gender=F, city='Vishakhapatnam', state='Andhra Pradesh', mobileNumber='9009009002', emailId='jane.smith@abhishekvermaa10.com', petDTO=PetDTO{id=2, name='Fluffy', gender=F, type=CAT, ownerDTO=null}}
2025-02-08 15:25:45.644  INFO 21388 --- [restartedMain] petistaan.example.demo.aspect.LogAspect  : Entered OwnerDTO petistaan.example.demo.service.impl.OwnerServiceImpl.fetchOwner(int) with arguments as [3]
2025-02-08 15:25:45.654  INFO 21388 --- [restartedMain] petistaan.example.demo.aspect.LogAspect  : Completed OwnerDTO petistaan.example.demo.service.impl.OwnerServiceImpl.fetchOwner(int) with exception {}

petistaan.example.demo.exception.OwnerNotFoundException: =Can't find owner with ownerId 3
	at petistaan.example.demo.service.impl.OwnerServiceImpl.lambda$fetchOwner$0(OwnerServiceImpl.java:36) ~[classes/:na]
	at java.util.Optional.orElseThrow(Optional.java:290) ~[na:1.8.0_202]
	at petistaan.example.demo.service.impl.OwnerServiceImpl.fetchOwner(OwnerServiceImpl.java:36) ~[classes/:na]
	at petistaan.example.demo.service.impl.OwnerServiceImpl$$FastClassBySpringCGLIB$$84f7d31b.invoke(<generated>) ~[classes/:na]
	at org.springframework.cglib.proxy.MethodProxy.invoke(MethodProxy.java:218) ~[spring-core-5.3.18.jar:5.3.18]
	at org.springframework.aop.framework.CglibAopProxy$CglibMethodInvocation.invokeJoinpoint(CglibAopProxy.java:783) [spring-aop-5.3.18.jar:5.3.18]
	at org.springframework.aop.framework.ReflectiveMethodInvocation.proceed(ReflectiveMethodInvocation.java:163) ~[spring-aop-5.3.18.jar:5.3.18]
	at org.springframework.aop.framework.CglibAopProxy$CglibMethodInvocation.proceed(CglibAopProxy.java:753) [spring-aop-5.3.18.jar:5.3.18]
	at org.springframework.aop.aspectj.AspectJAfterThrowingAdvice.invoke(AspectJAfterThrowingAdvice.java:64) ~[spring-aop-5.3.18.jar:5.3.18]
	at org.springframework.aop.framework.ReflectiveMethodInvocation.proceed(ReflectiveMethodInvocation.java:186) ~[spring-aop-5.3.18.jar:5.3.18]
	at org.springframework.aop.framework.CglibAopProxy$CglibMethodInvocation.proceed(CglibAopProxy.java:753) [spring-aop-5.3.18.jar:5.3.18]
	at org.springframework.aop.framework.adapter.AfterReturningAdviceInterceptor.invoke(AfterReturningAdviceInterceptor.java:57) ~[spring-aop-5.3.18.jar:5.3.18]
	at org.springframework.aop.framework.ReflectiveMethodInvocation.proceed(ReflectiveMethodInvocation.java:186) ~[spring-aop-5.3.18.jar:5.3.18]
	at org.springframework.aop.framework.CglibAopProxy$CglibMethodInvocation.proceed(CglibAopProxy.java:753) [spring-aop-5.3.18.jar:5.3.18]
	at org.springframework.aop.framework.adapter.MethodBeforeAdviceInterceptor.invoke(MethodBeforeAdviceInterceptor.java:58) [spring-aop-5.3.18.jar:5.3.18]
	at org.springframework.aop.framework.ReflectiveMethodInvocation.proceed(ReflectiveMethodInvocation.java:186) ~[spring-aop-5.3.18.jar:5.3.18]
	at org.springframework.aop.framework.CglibAopProxy$CglibMethodInvocation.proceed(CglibAopProxy.java:753) [spring-aop-5.3.18.jar:5.3.18]
	at org.springframework.aop.interceptor.ExposeInvocationInterceptor.invoke(ExposeInvocationInterceptor.java:97) [spring-aop-5.3.18.jar:5.3.18]
	at org.springframework.aop.framework.ReflectiveMethodInvocation.proceed(ReflectiveMethodInvocation.java:186) ~[spring-aop-5.3.18.jar:5.3.18]
	at org.springframework.aop.framework.CglibAopProxy$CglibMethodInvocation.proceed(CglibAopProxy.java:753) [spring-aop-5.3.18.jar:5.3.18]
	at org.springframework.aop.framework.CglibAopProxy$DynamicAdvisedInterceptor.intercept(CglibAopProxy.java:698) [spring-aop-5.3.18.jar:5.3.18]
	at petistaan.example.demo.service.impl.OwnerServiceImpl$$EnhancerBySpringCGLIB$$a84251e9.fetchOwner(<generated>) [classes/:na]
	at petistaan.example.demo.DemoApplication.run(DemoApplication.java:52) [classes/:na]
	at org.springframework.boot.SpringApplication.callRunner(SpringApplication.java:777) [spring-boot-2.6.6.jar:2.6.6]
	at org.springframework.boot.SpringApplication.callRunners(SpringApplication.java:761) [spring-boot-2.6.6.jar:2.6.6]
	at org.springframework.boot.SpringApplication.run(SpringApplication.java:310) [spring-boot-2.6.6.jar:2.6.6]
	at org.springframework.boot.SpringApplication.run(SpringApplication.java:1312) [spring-boot-2.6.6.jar:2.6.6]
	at org.springframework.boot.SpringApplication.run(SpringApplication.java:1301) [spring-boot-2.6.6.jar:2.6.6]
	at petistaan.example.demo.DemoApplication.main(DemoApplication.java:33) [classes/:na]
	at sun.reflect.NativeMethodAccessorImpl.invoke0(Native Method) ~[na:1.8.0_202]
	at sun.reflect.NativeMethodAccessorImpl.invoke(NativeMethodAccessorImpl.java:62) ~[na:1.8.0_202]
	at sun.reflect.DelegatingMethodAccessorImpl.invoke(DelegatingMethodAccessorImpl.java:43) ~[na:1.8.0_202]
	at java.lang.reflect.Method.invoke(Method.java:498) ~[na:1.8.0_202]
	at org.springframework.boot.devtools.restart.RestartLauncher.run(RestartLauncher.java:49) [spring-boot-devtools-2.6.6.jar:2.6.6]

2025-02-08 15:25:45.656 ERROR 21388 --- [restartedMain] petistaan.example.demo.DemoApplication   : =Can't find owner with ownerId 3

petistaan.example.demo.exception.OwnerNotFoundException: =Can't find owner with ownerId 3
	at petistaan.example.demo.service.impl.OwnerServiceImpl.lambda$fetchOwner$0(OwnerServiceImpl.java:36) ~[classes/:na]
	at java.util.Optional.orElseThrow(Optional.java:290) ~[na:1.8.0_202]
	at petistaan.example.demo.service.impl.OwnerServiceImpl.fetchOwner(OwnerServiceImpl.java:36) ~[classes/:na]
	at petistaan.example.demo.service.impl.OwnerServiceImpl$$FastClassBySpringCGLIB$$84f7d31b.invoke(<generated>) ~[classes/:na]
	at org.springframework.cglib.proxy.MethodProxy.invoke(MethodProxy.java:218) ~[spring-core-5.3.18.jar:5.3.18]
	at org.springframework.aop.framework.CglibAopProxy$CglibMethodInvocation.invokeJoinpoint(CglibAopProxy.java:783) ~[spring-aop-5.3.18.jar:5.3.18]
	at org.springframework.aop.framework.ReflectiveMethodInvocation.proceed(ReflectiveMethodInvocation.java:163) ~[spring-aop-5.3.18.jar:5.3.18]
	at org.springframework.aop.framework.CglibAopProxy$CglibMethodInvocation.proceed(CglibAopProxy.java:753) ~[spring-aop-5.3.18.jar:5.3.18]
	at org.springframework.aop.aspectj.AspectJAfterThrowingAdvice.invoke(AspectJAfterThrowingAdvice.java:64) ~[spring-aop-5.3.18.jar:5.3.18]
	at org.springframework.aop.framework.ReflectiveMethodInvocation.proceed(ReflectiveMethodInvocation.java:186) ~[spring-aop-5.3.18.jar:5.3.18]
	at org.springframework.aop.framework.CglibAopProxy$CglibMethodInvocation.proceed(CglibAopProxy.java:753) ~[spring-aop-5.3.18.jar:5.3.18]
	at org.springframework.aop.framework.adapter.AfterReturningAdviceInterceptor.invoke(AfterReturningAdviceInterceptor.java:57) ~[spring-aop-5.3.18.jar:5.3.18]
	at org.springframework.aop.framework.ReflectiveMethodInvocation.proceed(ReflectiveMethodInvocation.java:186) ~[spring-aop-5.3.18.jar:5.3.18]
	at org.springframework.aop.framework.CglibAopProxy$CglibMethodInvocation.proceed(CglibAopProxy.java:753) ~[spring-aop-5.3.18.jar:5.3.18]
	at org.springframework.aop.framework.adapter.MethodBeforeAdviceInterceptor.invoke(MethodBeforeAdviceInterceptor.java:58) ~[spring-aop-5.3.18.jar:5.3.18]
	at org.springframework.aop.framework.ReflectiveMethodInvocation.proceed(ReflectiveMethodInvocation.java:186) ~[spring-aop-5.3.18.jar:5.3.18]
	at org.springframework.aop.framework.CglibAopProxy$CglibMethodInvocation.proceed(CglibAopProxy.java:753) ~[spring-aop-5.3.18.jar:5.3.18]
	at org.springframework.aop.interceptor.ExposeInvocationInterceptor.invoke(ExposeInvocationInterceptor.java:97) ~[spring-aop-5.3.18.jar:5.3.18]
	at org.springframework.aop.framework.ReflectiveMethodInvocation.proceed(ReflectiveMethodInvocation.java:186) ~[spring-aop-5.3.18.jar:5.3.18]
	at org.springframework.aop.framework.CglibAopProxy$CglibMethodInvocation.proceed(CglibAopProxy.java:753) ~[spring-aop-5.3.18.jar:5.3.18]
	at org.springframework.aop.framework.CglibAopProxy$DynamicAdvisedInterceptor.intercept(CglibAopProxy.java:698) ~[spring-aop-5.3.18.jar:5.3.18]
	at petistaan.example.demo.service.impl.OwnerServiceImpl$$EnhancerBySpringCGLIB$$a84251e9.fetchOwner(<generated>) ~[classes/:na]
	at petistaan.example.demo.DemoApplication.run(DemoApplication.java:52) [classes/:na]
	at org.springframework.boot.SpringApplication.callRunner(SpringApplication.java:777) [spring-boot-2.6.6.jar:2.6.6]
	at org.springframework.boot.SpringApplication.callRunners(SpringApplication.java:761) [spring-boot-2.6.6.jar:2.6.6]
	at org.springframework.boot.SpringApplication.run(SpringApplication.java:310) [spring-boot-2.6.6.jar:2.6.6]
	at org.springframework.boot.SpringApplication.run(SpringApplication.java:1312) [spring-boot-2.6.6.jar:2.6.6]
	at org.springframework.boot.SpringApplication.run(SpringApplication.java:1301) [spring-boot-2.6.6.jar:2.6.6]
	at petistaan.example.demo.DemoApplication.main(DemoApplication.java:33) [classes/:na]
	at sun.reflect.NativeMethodAccessorImpl.invoke0(Native Method) ~[na:1.8.0_202]
	at sun.reflect.NativeMethodAccessorImpl.invoke(NativeMethodAccessorImpl.java:62) ~[na:1.8.0_202]
	at sun.reflect.DelegatingMethodAccessorImpl.invoke(DelegatingMethodAccessorImpl.java:43) ~[na:1.8.0_202]
	at java.lang.reflect.Method.invoke(Method.java:498) ~[na:1.8.0_202]
	at org.springframework.boot.devtools.restart.RestartLauncher.run(RestartLauncher.java:49) [spring-boot-devtools-2.6.6.jar:2.6.6]

2025-02-08 15:28:29.387  INFO 26648 --- [main] p.example.demo.DemoApplicationTests      : Starting DemoApplicationTests using Java 1.8.0_202 on LAPTOP-GUACUBB7 with PID 26648 (started by vaibhav in C:\Users\vaibhav\Desktop\Spring Boot Projecs\demo)
2025-02-08 15:28:29.388  INFO 26648 --- [main] p.example.demo.DemoApplicationTests      : No active profile set, falling back to 1 default profile: "default"
2025-02-08 15:28:30.240  INFO 26648 --- [main] p.example.demo.DemoApplicationTests      : Started DemoApplicationTests in 1.161 seconds (JVM running for 2.465)
2025-02-08 15:29:01.823  INFO 17308 --- [restartedMain] petistaan.example.demo.DemoApplication   : Starting DemoApplication using Java 1.8.0_202 on LAPTOP-GUACUBB7 with PID 17308 (C:\Users\vaibhav\Desktop\Spring Boot Projecs\demo\target\classes started by vaibhav in C:\Users\vaibhav\Desktop\Spring Boot Projecs\demo)
2025-02-08 15:29:01.825  INFO 17308 --- [restartedMain] petistaan.example.demo.DemoApplication   : No active profile set, falling back to 1 default profile: "default"
2025-02-08 15:29:01.879  INFO 17308 --- [restartedMain] .e.DevToolsPropertyDefaultsPostProcessor : Devtools property defaults active! Set 'spring.devtools.add-properties' to 'false' to disable
2025-02-08 15:29:02.788  INFO 17308 --- [restartedMain] o.s.b.d.a.OptionalLiveReloadServer       : LiveReload server is running on port 35729
2025-02-08 15:29:02.813  INFO 17308 --- [restartedMain] petistaan.example.demo.DemoApplication   : Started DemoApplication in 1.412 seconds (JVM running for 1.909)
2025-02-08 15:29:12.279  INFO 17308 --- [restartedMain] petistaan.example.demo.aspect.LogAspect  : Entered void petistaan.example.demo.service.impl.OwnerServiceImpl.deleteOwner(int) with arguments as [2]
2025-02-08 15:29:12.296  INFO 17308 --- [restartedMain] petistaan.example.demo.aspect.LogAspect  : Completed void petistaan.example.demo.service.impl.OwnerServiceImpl.deleteOwner(int) with result as null
2025-02-08 15:29:31.916  INFO 17308 --- [restartedMain] petistaan.example.demo.aspect.LogAspect  : Entered void petistaan.example.demo.service.impl.OwnerServiceImpl.deleteOwner(int) with arguments as [2]
2025-02-08 15:29:31.926  INFO 17308 --- [restartedMain] petistaan.example.demo.aspect.LogAspect  : Completed void petistaan.example.demo.service.impl.OwnerServiceImpl.deleteOwner(int) with exception {}

petistaan.example.demo.exception.OwnerNotFoundException: =Can't find owner with ownerId 2
	at petistaan.example.demo.service.impl.OwnerServiceImpl.lambda$deleteOwner$2(OwnerServiceImpl.java:47) ~[classes/:na]
	at java.util.Optional.orElseThrow(Optional.java:290) ~[na:1.8.0_202]
	at petistaan.example.demo.service.impl.OwnerServiceImpl.deleteOwner(OwnerServiceImpl.java:47) ~[classes/:na]
	at petistaan.example.demo.service.impl.OwnerServiceImpl$$FastClassBySpringCGLIB$$84f7d31b.invoke(<generated>) ~[classes/:na]
	at org.springframework.cglib.proxy.MethodProxy.invoke(MethodProxy.java:218) ~[spring-core-5.3.18.jar:5.3.18]
	at org.springframework.aop.framework.CglibAopProxy$CglibMethodInvocation.invokeJoinpoint(CglibAopProxy.java:783) [spring-aop-5.3.18.jar:5.3.18]
	at org.springframework.aop.framework.ReflectiveMethodInvocation.proceed(ReflectiveMethodInvocation.java:163) ~[spring-aop-5.3.18.jar:5.3.18]
	at org.springframework.aop.framework.CglibAopProxy$CglibMethodInvocation.proceed(CglibAopProxy.java:753) [spring-aop-5.3.18.jar:5.3.18]
	at org.springframework.aop.aspectj.AspectJAfterThrowingAdvice.invoke(AspectJAfterThrowingAdvice.java:64) ~[spring-aop-5.3.18.jar:5.3.18]
	at org.springframework.aop.framework.ReflectiveMethodInvocation.proceed(ReflectiveMethodInvocation.java:186) ~[spring-aop-5.3.18.jar:5.3.18]
	at org.springframework.aop.framework.CglibAopProxy$CglibMethodInvocation.proceed(CglibAopProxy.java:753) [spring-aop-5.3.18.jar:5.3.18]
	at org.springframework.aop.framework.adapter.AfterReturningAdviceInterceptor.invoke(AfterReturningAdviceInterceptor.java:57) ~[spring-aop-5.3.18.jar:5.3.18]
	at org.springframework.aop.framework.ReflectiveMethodInvocation.proceed(ReflectiveMethodInvocation.java:186) ~[spring-aop-5.3.18.jar:5.3.18]
	at org.springframework.aop.framework.CglibAopProxy$CglibMethodInvocation.proceed(CglibAopProxy.java:753) [spring-aop-5.3.18.jar:5.3.18]
	at org.springframework.aop.framework.adapter.MethodBeforeAdviceInterceptor.invoke(MethodBeforeAdviceInterceptor.java:58) [spring-aop-5.3.18.jar:5.3.18]
	at org.springframework.aop.framework.ReflectiveMethodInvocation.proceed(ReflectiveMethodInvocation.java:186) ~[spring-aop-5.3.18.jar:5.3.18]
	at org.springframework.aop.framework.CglibAopProxy$CglibMethodInvocation.proceed(CglibAopProxy.java:753) [spring-aop-5.3.18.jar:5.3.18]
	at org.springframework.aop.interceptor.ExposeInvocationInterceptor.invoke(ExposeInvocationInterceptor.java:97) [spring-aop-5.3.18.jar:5.3.18]
	at org.springframework.aop.framework.ReflectiveMethodInvocation.proceed(ReflectiveMethodInvocation.java:186) ~[spring-aop-5.3.18.jar:5.3.18]
	at org.springframework.aop.framework.CglibAopProxy$CglibMethodInvocation.proceed(CglibAopProxy.java:753) [spring-aop-5.3.18.jar:5.3.18]
	at org.springframework.aop.framework.CglibAopProxy$DynamicAdvisedInterceptor.intercept(CglibAopProxy.java:698) [spring-aop-5.3.18.jar:5.3.18]
	at petistaan.example.demo.service.impl.OwnerServiceImpl$$EnhancerBySpringCGLIB$$6388d52d.deleteOwner(<generated>) [classes/:na]
	at petistaan.example.demo.DemoApplication.run(DemoApplication.java:65) [classes/:na]
	at org.springframework.boot.SpringApplication.callRunner(SpringApplication.java:777) [spring-boot-2.6.6.jar:2.6.6]
	at org.springframework.boot.SpringApplication.callRunners(SpringApplication.java:761) [spring-boot-2.6.6.jar:2.6.6]
	at org.springframework.boot.SpringApplication.run(SpringApplication.java:310) [spring-boot-2.6.6.jar:2.6.6]
	at org.springframework.boot.SpringApplication.run(SpringApplication.java:1312) [spring-boot-2.6.6.jar:2.6.6]
	at org.springframework.boot.SpringApplication.run(SpringApplication.java:1301) [spring-boot-2.6.6.jar:2.6.6]
	at petistaan.example.demo.DemoApplication.main(DemoApplication.java:33) [classes/:na]
	at sun.reflect.NativeMethodAccessorImpl.invoke0(Native Method) ~[na:1.8.0_202]
	at sun.reflect.NativeMethodAccessorImpl.invoke(NativeMethodAccessorImpl.java:62) ~[na:1.8.0_202]
	at sun.reflect.DelegatingMethodAccessorImpl.invoke(DelegatingMethodAccessorImpl.java:43) ~[na:1.8.0_202]
	at java.lang.reflect.Method.invoke(Method.java:498) ~[na:1.8.0_202]
	at org.springframework.boot.devtools.restart.RestartLauncher.run(RestartLauncher.java:49) [spring-boot-devtools-2.6.6.jar:2.6.6]

2025-02-08 15:29:31.928 ERROR 17308 --- [restartedMain] petistaan.example.demo.DemoApplication   : =Can't find owner with ownerId 2

petistaan.example.demo.exception.OwnerNotFoundException: =Can't find owner with ownerId 2
	at petistaan.example.demo.service.impl.OwnerServiceImpl.lambda$deleteOwner$2(OwnerServiceImpl.java:47) ~[classes/:na]
	at java.util.Optional.orElseThrow(Optional.java:290) ~[na:1.8.0_202]
	at petistaan.example.demo.service.impl.OwnerServiceImpl.deleteOwner(OwnerServiceImpl.java:47) ~[classes/:na]
	at petistaan.example.demo.service.impl.OwnerServiceImpl$$FastClassBySpringCGLIB$$84f7d31b.invoke(<generated>) ~[classes/:na]
	at org.springframework.cglib.proxy.MethodProxy.invoke(MethodProxy.java:218) ~[spring-core-5.3.18.jar:5.3.18]
	at org.springframework.aop.framework.CglibAopProxy$CglibMethodInvocation.invokeJoinpoint(CglibAopProxy.java:783) ~[spring-aop-5.3.18.jar:5.3.18]
	at org.springframework.aop.framework.ReflectiveMethodInvocation.proceed(ReflectiveMethodInvocation.java:163) ~[spring-aop-5.3.18.jar:5.3.18]
	at org.springframework.aop.framework.CglibAopProxy$CglibMethodInvocation.proceed(CglibAopProxy.java:753) ~[spring-aop-5.3.18.jar:5.3.18]
	at org.springframework.aop.aspectj.AspectJAfterThrowingAdvice.invoke(AspectJAfterThrowingAdvice.java:64) ~[spring-aop-5.3.18.jar:5.3.18]
	at org.springframework.aop.framework.ReflectiveMethodInvocation.proceed(ReflectiveMethodInvocation.java:186) ~[spring-aop-5.3.18.jar:5.3.18]
	at org.springframework.aop.framework.CglibAopProxy$CglibMethodInvocation.proceed(CglibAopProxy.java:753) ~[spring-aop-5.3.18.jar:5.3.18]
	at org.springframework.aop.framework.adapter.AfterReturningAdviceInterceptor.invoke(AfterReturningAdviceInterceptor.java:57) ~[spring-aop-5.3.18.jar:5.3.18]
	at org.springframework.aop.framework.ReflectiveMethodInvocation.proceed(ReflectiveMethodInvocation.java:186) ~[spring-aop-5.3.18.jar:5.3.18]
	at org.springframework.aop.framework.CglibAopProxy$CglibMethodInvocation.proceed(CglibAopProxy.java:753) ~[spring-aop-5.3.18.jar:5.3.18]
	at org.springframework.aop.framework.adapter.MethodBeforeAdviceInterceptor.invoke(MethodBeforeAdviceInterceptor.java:58) ~[spring-aop-5.3.18.jar:5.3.18]
	at org.springframework.aop.framework.ReflectiveMethodInvocation.proceed(ReflectiveMethodInvocation.java:186) ~[spring-aop-5.3.18.jar:5.3.18]
	at org.springframework.aop.framework.CglibAopProxy$CglibMethodInvocation.proceed(CglibAopProxy.java:753) ~[spring-aop-5.3.18.jar:5.3.18]
	at org.springframework.aop.interceptor.ExposeInvocationInterceptor.invoke(ExposeInvocationInterceptor.java:97) ~[spring-aop-5.3.18.jar:5.3.18]
	at org.springframework.aop.framework.ReflectiveMethodInvocation.proceed(ReflectiveMethodInvocation.java:186) ~[spring-aop-5.3.18.jar:5.3.18]
	at org.springframework.aop.framework.CglibAopProxy$CglibMethodInvocation.proceed(CglibAopProxy.java:753) ~[spring-aop-5.3.18.jar:5.3.18]
	at org.springframework.aop.framework.CglibAopProxy$DynamicAdvisedInterceptor.intercept(CglibAopProxy.java:698) ~[spring-aop-5.3.18.jar:5.3.18]
	at petistaan.example.demo.service.impl.OwnerServiceImpl$$EnhancerBySpringCGLIB$$6388d52d.deleteOwner(<generated>) ~[classes/:na]
	at petistaan.example.demo.DemoApplication.run(DemoApplication.java:65) [classes/:na]
	at org.springframework.boot.SpringApplication.callRunner(SpringApplication.java:777) [spring-boot-2.6.6.jar:2.6.6]
	at org.springframework.boot.SpringApplication.callRunners(SpringApplication.java:761) [spring-boot-2.6.6.jar:2.6.6]
	at org.springframework.boot.SpringApplication.run(SpringApplication.java:310) [spring-boot-2.6.6.jar:2.6.6]
	at org.springframework.boot.SpringApplication.run(SpringApplication.java:1312) [spring-boot-2.6.6.jar:2.6.6]
	at org.springframework.boot.SpringApplication.run(SpringApplication.java:1301) [spring-boot-2.6.6.jar:2.6.6]
	at petistaan.example.demo.DemoApplication.main(DemoApplication.java:33) [classes/:na]
	at sun.reflect.NativeMethodAccessorImpl.invoke0(Native Method) ~[na:1.8.0_202]
	at sun.reflect.NativeMethodAccessorImpl.invoke(NativeMethodAccessorImpl.java:62) ~[na:1.8.0_202]
	at sun.reflect.DelegatingMethodAccessorImpl.invoke(DelegatingMethodAccessorImpl.java:43) ~[na:1.8.0_202]
	at java.lang.reflect.Method.invoke(Method.java:498) ~[na:1.8.0_202]
	at org.springframework.boot.devtools.restart.RestartLauncher.run(RestartLauncher.java:49) [spring-boot-devtools-2.6.6.jar:2.6.6]

2025-02-08 15:36:26.337  INFO 5736 --- [restartedMain] petistaan.example.demo.DemoApplication   : Starting DemoApplication using Java 1.8.0_202 on LAPTOP-GUACUBB7 with PID 5736 (C:\Users\vaibhav\Desktop\Spring Boot Projecs\demo\target\classes started by vaibhav in C:\Users\vaibhav\Desktop\Spring Boot Projecs\demo)
2025-02-08 15:36:26.340  INFO 5736 --- [restartedMain] petistaan.example.demo.DemoApplication   : No active profile set, falling back to 1 default profile: "default"
2025-02-08 15:36:26.432  INFO 5736 --- [restartedMain] .e.DevToolsPropertyDefaultsPostProcessor : Devtools property defaults active! Set 'spring.devtools.add-properties' to 'false' to disable
2025-02-08 15:36:27.521  INFO 5736 --- [restartedMain] o.s.b.d.a.OptionalLiveReloadServer       : LiveReload server is running on port 35729
2025-02-08 15:36:27.544  INFO 5736 --- [restartedMain] petistaan.example.demo.DemoApplication   : Started DemoApplication in 1.928 seconds (JVM running for 2.576)
2025-02-08 15:36:34.314  INFO 5736 --- [restartedMain] petistaan.example.demo.aspect.LogAspect  : Entered OwnerDTO petistaan.example.demo.service.impl.OwnerServiceImpl.fetchOwner(int) with arguments as [3]
2025-02-08 15:36:34.339  INFO 5736 --- [restartedMain] petistaan.example.demo.aspect.LogAspect  : Completed OwnerDTO petistaan.example.demo.service.impl.OwnerServiceImpl.fetchOwner(int) with exception {}

petistaan.example.demo.exception.OwnerNotFoundException: =Can't find owner with ownerId 3
	at petistaan.example.demo.service.impl.OwnerServiceImpl.lambda$fetchOwner$0(OwnerServiceImpl.java:36) ~[classes/:na]
	at java.util.Optional.orElseThrow(Optional.java:290) ~[na:1.8.0_202]
	at petistaan.example.demo.service.impl.OwnerServiceImpl.fetchOwner(OwnerServiceImpl.java:36) ~[classes/:na]
	at petistaan.example.demo.service.impl.OwnerServiceImpl$$FastClassBySpringCGLIB$$84f7d31b.invoke(<generated>) ~[classes/:na]
	at org.springframework.cglib.proxy.MethodProxy.invoke(MethodProxy.java:218) ~[spring-core-5.3.18.jar:5.3.18]
	at org.springframework.aop.framework.CglibAopProxy$CglibMethodInvocation.invokeJoinpoint(CglibAopProxy.java:783) [spring-aop-5.3.18.jar:5.3.18]
	at org.springframework.aop.framework.ReflectiveMethodInvocation.proceed(ReflectiveMethodInvocation.java:163) ~[spring-aop-5.3.18.jar:5.3.18]
	at org.springframework.aop.framework.CglibAopProxy$CglibMethodInvocation.proceed(CglibAopProxy.java:753) [spring-aop-5.3.18.jar:5.3.18]
	at org.springframework.aop.aspectj.AspectJAfterThrowingAdvice.invoke(AspectJAfterThrowingAdvice.java:64) ~[spring-aop-5.3.18.jar:5.3.18]
	at org.springframework.aop.framework.ReflectiveMethodInvocation.proceed(ReflectiveMethodInvocation.java:186) ~[spring-aop-5.3.18.jar:5.3.18]
	at org.springframework.aop.framework.CglibAopProxy$CglibMethodInvocation.proceed(CglibAopProxy.java:753) [spring-aop-5.3.18.jar:5.3.18]
	at org.springframework.aop.framework.adapter.AfterReturningAdviceInterceptor.invoke(AfterReturningAdviceInterceptor.java:57) ~[spring-aop-5.3.18.jar:5.3.18]
	at org.springframework.aop.framework.ReflectiveMethodInvocation.proceed(ReflectiveMethodInvocation.java:186) ~[spring-aop-5.3.18.jar:5.3.18]
	at org.springframework.aop.framework.CglibAopProxy$CglibMethodInvocation.proceed(CglibAopProxy.java:753) [spring-aop-5.3.18.jar:5.3.18]
	at org.springframework.aop.framework.adapter.MethodBeforeAdviceInterceptor.invoke(MethodBeforeAdviceInterceptor.java:58) [spring-aop-5.3.18.jar:5.3.18]
	at org.springframework.aop.framework.ReflectiveMethodInvocation.proceed(ReflectiveMethodInvocation.java:186) ~[spring-aop-5.3.18.jar:5.3.18]
	at org.springframework.aop.framework.CglibAopProxy$CglibMethodInvocation.proceed(CglibAopProxy.java:753) [spring-aop-5.3.18.jar:5.3.18]
	at org.springframework.aop.interceptor.ExposeInvocationInterceptor.invoke(ExposeInvocationInterceptor.java:97) [spring-aop-5.3.18.jar:5.3.18]
	at org.springframework.aop.framework.ReflectiveMethodInvocation.proceed(ReflectiveMethodInvocation.java:186) ~[spring-aop-5.3.18.jar:5.3.18]
	at org.springframework.aop.framework.CglibAopProxy$CglibMethodInvocation.proceed(CglibAopProxy.java:753) [spring-aop-5.3.18.jar:5.3.18]
	at org.springframework.aop.framework.CglibAopProxy$DynamicAdvisedInterceptor.intercept(CglibAopProxy.java:698) [spring-aop-5.3.18.jar:5.3.18]
	at petistaan.example.demo.service.impl.OwnerServiceImpl$$EnhancerBySpringCGLIB$$edbe5c6e.fetchOwner(<generated>) [classes/:na]
	at petistaan.example.demo.DemoApplication.run(DemoApplication.java:52) [classes/:na]
	at org.springframework.boot.SpringApplication.callRunner(SpringApplication.java:777) [spring-boot-2.6.6.jar:2.6.6]
	at org.springframework.boot.SpringApplication.callRunners(SpringApplication.java:761) [spring-boot-2.6.6.jar:2.6.6]
	at org.springframework.boot.SpringApplication.run(SpringApplication.java:310) [spring-boot-2.6.6.jar:2.6.6]
	at org.springframework.boot.SpringApplication.run(SpringApplication.java:1312) [spring-boot-2.6.6.jar:2.6.6]
	at org.springframework.boot.SpringApplication.run(SpringApplication.java:1301) [spring-boot-2.6.6.jar:2.6.6]
	at petistaan.example.demo.DemoApplication.main(DemoApplication.java:33) [classes/:na]
	at sun.reflect.NativeMethodAccessorImpl.invoke0(Native Method) ~[na:1.8.0_202]
	at sun.reflect.NativeMethodAccessorImpl.invoke(NativeMethodAccessorImpl.java:62) ~[na:1.8.0_202]
	at sun.reflect.DelegatingMethodAccessorImpl.invoke(DelegatingMethodAccessorImpl.java:43) ~[na:1.8.0_202]
	at java.lang.reflect.Method.invoke(Method.java:498) ~[na:1.8.0_202]
	at org.springframework.boot.devtools.restart.RestartLauncher.run(RestartLauncher.java:49) [spring-boot-devtools-2.6.6.jar:2.6.6]

2025-02-08 15:36:34.340 ERROR 5736 --- [restartedMain] petistaan.example.demo.DemoApplication   : =Can't find owner with ownerId 3

petistaan.example.demo.exception.OwnerNotFoundException: =Can't find owner with ownerId 3
	at petistaan.example.demo.service.impl.OwnerServiceImpl.lambda$fetchOwner$0(OwnerServiceImpl.java:36) ~[classes/:na]
	at java.util.Optional.orElseThrow(Optional.java:290) ~[na:1.8.0_202]
	at petistaan.example.demo.service.impl.OwnerServiceImpl.fetchOwner(OwnerServiceImpl.java:36) ~[classes/:na]
	at petistaan.example.demo.service.impl.OwnerServiceImpl$$FastClassBySpringCGLIB$$84f7d31b.invoke(<generated>) ~[classes/:na]
	at org.springframework.cglib.proxy.MethodProxy.invoke(MethodProxy.java:218) ~[spring-core-5.3.18.jar:5.3.18]
	at org.springframework.aop.framework.CglibAopProxy$CglibMethodInvocation.invokeJoinpoint(CglibAopProxy.java:783) ~[spring-aop-5.3.18.jar:5.3.18]
	at org.springframework.aop.framework.ReflectiveMethodInvocation.proceed(ReflectiveMethodInvocation.java:163) ~[spring-aop-5.3.18.jar:5.3.18]
	at org.springframework.aop.framework.CglibAopProxy$CglibMethodInvocation.proceed(CglibAopProxy.java:753) ~[spring-aop-5.3.18.jar:5.3.18]
	at org.springframework.aop.aspectj.AspectJAfterThrowingAdvice.invoke(AspectJAfterThrowingAdvice.java:64) ~[spring-aop-5.3.18.jar:5.3.18]
	at org.springframework.aop.framework.ReflectiveMethodInvocation.proceed(ReflectiveMethodInvocation.java:186) ~[spring-aop-5.3.18.jar:5.3.18]
	at org.springframework.aop.framework.CglibAopProxy$CglibMethodInvocation.proceed(CglibAopProxy.java:753) ~[spring-aop-5.3.18.jar:5.3.18]
	at org.springframework.aop.framework.adapter.AfterReturningAdviceInterceptor.invoke(AfterReturningAdviceInterceptor.java:57) ~[spring-aop-5.3.18.jar:5.3.18]
	at org.springframework.aop.framework.ReflectiveMethodInvocation.proceed(ReflectiveMethodInvocation.java:186) ~[spring-aop-5.3.18.jar:5.3.18]
	at org.springframework.aop.framework.CglibAopProxy$CglibMethodInvocation.proceed(CglibAopProxy.java:753) ~[spring-aop-5.3.18.jar:5.3.18]
	at org.springframework.aop.framework.adapter.MethodBeforeAdviceInterceptor.invoke(MethodBeforeAdviceInterceptor.java:58) ~[spring-aop-5.3.18.jar:5.3.18]
	at org.springframework.aop.framework.ReflectiveMethodInvocation.proceed(ReflectiveMethodInvocation.java:186) ~[spring-aop-5.3.18.jar:5.3.18]
	at org.springframework.aop.framework.CglibAopProxy$CglibMethodInvocation.proceed(CglibAopProxy.java:753) ~[spring-aop-5.3.18.jar:5.3.18]
	at org.springframework.aop.interceptor.ExposeInvocationInterceptor.invoke(ExposeInvocationInterceptor.java:97) ~[spring-aop-5.3.18.jar:5.3.18]
	at org.springframework.aop.framework.ReflectiveMethodInvocation.proceed(ReflectiveMethodInvocation.java:186) ~[spring-aop-5.3.18.jar:5.3.18]
	at org.springframework.aop.framework.CglibAopProxy$CglibMethodInvocation.proceed(CglibAopProxy.java:753) ~[spring-aop-5.3.18.jar:5.3.18]
	at org.springframework.aop.framework.CglibAopProxy$DynamicAdvisedInterceptor.intercept(CglibAopProxy.java:698) ~[spring-aop-5.3.18.jar:5.3.18]
	at petistaan.example.demo.service.impl.OwnerServiceImpl$$EnhancerBySpringCGLIB$$edbe5c6e.fetchOwner(<generated>) ~[classes/:na]
	at petistaan.example.demo.DemoApplication.run(DemoApplication.java:52) [classes/:na]
	at org.springframework.boot.SpringApplication.callRunner(SpringApplication.java:777) [spring-boot-2.6.6.jar:2.6.6]
	at org.springframework.boot.SpringApplication.callRunners(SpringApplication.java:761) [spring-boot-2.6.6.jar:2.6.6]
	at org.springframework.boot.SpringApplication.run(SpringApplication.java:310) [spring-boot-2.6.6.jar:2.6.6]
	at org.springframework.boot.SpringApplication.run(SpringApplication.java:1312) [spring-boot-2.6.6.jar:2.6.6]
	at org.springframework.boot.SpringApplication.run(SpringApplication.java:1301) [spring-boot-2.6.6.jar:2.6.6]
	at petistaan.example.demo.DemoApplication.main(DemoApplication.java:33) [classes/:na]
	at sun.reflect.NativeMethodAccessorImpl.invoke0(Native Method) ~[na:1.8.0_202]
	at sun.reflect.NativeMethodAccessorImpl.invoke(NativeMethodAccessorImpl.java:62) ~[na:1.8.0_202]
	at sun.reflect.DelegatingMethodAccessorImpl.invoke(DelegatingMethodAccessorImpl.java:43) ~[na:1.8.0_202]
	at java.lang.reflect.Method.invoke(Method.java:498) ~[na:1.8.0_202]
	at org.springframework.boot.devtools.restart.RestartLauncher.run(RestartLauncher.java:49) [spring-boot-devtools-2.6.6.jar:2.6.6]

2025-02-08 15:45:28.533  INFO 15644 --- [restartedMain] petistaan.example.demo.DemoApplication   : Starting DemoApplication using Java 1.8.0_202 on LAPTOP-GUACUBB7 with PID 15644 (C:\Users\vaibhav\Desktop\Spring Boot Projecs\demo\target\classes started by vaibhav in C:\Users\vaibhav\Desktop\Spring Boot Projecs\demo)
2025-02-08 15:45:28.535  INFO 15644 --- [restartedMain] petistaan.example.demo.DemoApplication   : No active profile set, falling back to 1 default profile: "default"
2025-02-08 15:45:28.608  INFO 15644 --- [restartedMain] .e.DevToolsPropertyDefaultsPostProcessor : Devtools property defaults active! Set 'spring.devtools.add-properties' to 'false' to disable
2025-02-08 15:45:29.207  INFO 15644 --- [restartedMain] o.s.b.d.a.OptionalLiveReloadServer       : LiveReload server is running on port 35729
2025-02-08 15:45:29.220  INFO 15644 --- [restartedMain] petistaan.example.demo.DemoApplication   : Started DemoApplication in 1.169 seconds (JVM running for 1.69)
2025-02-08 15:45:35.723 ERROR 15644 --- [restartedMain] petistaan.example.demo.DemoApplication   : =Can't find owner with ownerId 8

petistaan.example.demo.exception.OwnerNotFoundException: =Can't find owner with ownerId 8
	at petistaan.example.demo.service.impl.OwnerServiceImpl.lambda$fetchOwner$0(OwnerServiceImpl.java:36) ~[classes/:na]
	at java.util.Optional.orElseThrow(Optional.java:290) ~[na:1.8.0_202]
	at petistaan.example.demo.service.impl.OwnerServiceImpl.fetchOwner(OwnerServiceImpl.java:36) ~[classes/:na]
	at petistaan.example.demo.DemoApplication.run(DemoApplication.java:52) [classes/:na]
	at org.springframework.boot.SpringApplication.callRunner(SpringApplication.java:777) [spring-boot-2.6.6.jar:2.6.6]
	at org.springframework.boot.SpringApplication.callRunners(SpringApplication.java:761) [spring-boot-2.6.6.jar:2.6.6]
	at org.springframework.boot.SpringApplication.run(SpringApplication.java:310) [spring-boot-2.6.6.jar:2.6.6]
	at org.springframework.boot.SpringApplication.run(SpringApplication.java:1312) [spring-boot-2.6.6.jar:2.6.6]
	at org.springframework.boot.SpringApplication.run(SpringApplication.java:1301) [spring-boot-2.6.6.jar:2.6.6]
	at petistaan.example.demo.DemoApplication.main(DemoApplication.java:33) [classes/:na]
	at sun.reflect.NativeMethodAccessorImpl.invoke0(Native Method) ~[na:1.8.0_202]
	at sun.reflect.NativeMethodAccessorImpl.invoke(NativeMethodAccessorImpl.java:62) ~[na:1.8.0_202]
	at sun.reflect.DelegatingMethodAccessorImpl.invoke(DelegatingMethodAccessorImpl.java:43) ~[na:1.8.0_202]
	at java.lang.reflect.Method.invoke(Method.java:498) ~[na:1.8.0_202]
	at org.springframework.boot.devtools.restart.RestartLauncher.run(RestartLauncher.java:49) [spring-boot-devtools-2.6.6.jar:2.6.6]

2025-02-08 15:53:00.743  INFO 17576 --- [restartedMain] petistaan.example.demo.DemoApplication   : Starting DemoApplication using Java 1.8.0_202 on LAPTOP-GUACUBB7 with PID 17576 (C:\Users\vaibhav\Desktop\Spring Boot Projecs\demo\target\classes started by vaibhav in C:\Users\vaibhav\Desktop\Spring Boot Projecs\demo)
2025-02-08 15:53:00.743  INFO 17576 --- [restartedMain] petistaan.example.demo.DemoApplication   : No active profile set, falling back to 1 default profile: "default"
2025-02-08 15:53:00.799  INFO 17576 --- [restartedMain] .e.DevToolsPropertyDefaultsPostProcessor : Devtools property defaults active! Set 'spring.devtools.add-properties' to 'false' to disable
2025-02-08 15:53:01.437  INFO 17576 --- [restartedMain] o.s.b.d.a.OptionalLiveReloadServer       : LiveReload server is running on port 35729
2025-02-08 15:53:01.456  INFO 17576 --- [restartedMain] petistaan.example.demo.DemoApplication   : Started DemoApplication in 1.224 seconds (JVM running for 1.798)
2025-02-08 15:54:16.501 ERROR 17576 --- [restartedMain] petistaan.example.demo.DemoApplication   : Owner with ownerId 1 already exists

petistaan.example.demo.exception.DuplicateOwnerIdException: Owner with ownerId 1 already exists
	at petistaan.example.demo.service.impl.OwnerServiceImpl.saveOwner(OwnerServiceImpl.java:29) ~[classes/:na]
	at petistaan.example.demo.DemoApplication.run(DemoApplication.java:47) [classes/:na]
	at org.springframework.boot.SpringApplication.callRunner(SpringApplication.java:777) [spring-boot-2.6.6.jar:2.6.6]
	at org.springframework.boot.SpringApplication.callRunners(SpringApplication.java:761) [spring-boot-2.6.6.jar:2.6.6]
	at org.springframework.boot.SpringApplication.run(SpringApplication.java:310) [spring-boot-2.6.6.jar:2.6.6]
	at org.springframework.boot.SpringApplication.run(SpringApplication.java:1312) [spring-boot-2.6.6.jar:2.6.6]
	at org.springframework.boot.SpringApplication.run(SpringApplication.java:1301) [spring-boot-2.6.6.jar:2.6.6]
	at petistaan.example.demo.DemoApplication.main(DemoApplication.java:33) [classes/:na]
	at sun.reflect.NativeMethodAccessorImpl.invoke0(Native Method) ~[na:1.8.0_202]
	at sun.reflect.NativeMethodAccessorImpl.invoke(NativeMethodAccessorImpl.java:62) ~[na:1.8.0_202]
	at sun.reflect.DelegatingMethodAccessorImpl.invoke(DelegatingMethodAccessorImpl.java:43) ~[na:1.8.0_202]
	at java.lang.reflect.Method.invoke(Method.java:498) ~[na:1.8.0_202]
	at org.springframework.boot.devtools.restart.RestartLauncher.run(RestartLauncher.java:49) [spring-boot-devtools-2.6.6.jar:2.6.6]

